08/07/2018 15:06:15 Transportó a agush hacia Mapa1 X:43 Y:78
08/07/2018 15:06:16 Transportó a agush hacia Mapa1 X:48 Y:79
08/07/2018 15:06:16 Transportó a agush hacia Mapa1 X:50 Y:81
08/07/2018 15:06:17 Transportó a agush hacia Mapa1 X:47 Y:81
08/07/2018 15:06:18 Transportó a agush hacia Mapa1 X:45 Y:77
08/07/2018 15:06:18 Transportó a agush hacia Mapa1 X:48 Y:72
08/07/2018 15:06:21 /INVISIBLE
08/07/2018 15:06:22 Transportó a agush hacia Mapa1 X:49 Y:78
08/07/2018 15:06:23 Transportó a agush hacia Mapa1 X:46 Y:79
08/07/2018 15:06:28 Transportó a agush hacia Mapa1 X:49 Y:72
08/07/2018 15:06:29 Transportó a agush hacia Mapa1 X:53 Y:70
08/07/2018 15:06:29 Transportó a agush hacia Mapa1 X:53 Y:73
08/07/2018 15:06:29 Transportó a agush hacia Mapa1 X:52 Y:77
08/07/2018 15:06:29 Transportó a agush hacia Mapa1 X:49 Y:81
08/07/2018 15:06:29 Transportó a agush hacia Mapa1 X:46 Y:83
08/07/2018 15:08:57 /INVISIBLE
08/07/2018 15:08:58 Transportó a agush hacia Mapa1 X:47 Y:82
08/07/2018 15:10:28 /INVISIBLE
08/07/2018 15:10:52 Transportó a agush hacia Mapa1 X:48 Y:66
08/07/2018 15:10:53 Transportó a agush hacia Mapa1 X:47 Y:71
08/07/2018 15:11:29 /INVISIBLE
08/07/2018 15:11:46 Transportó a AguSh hacia Mapa1 X:46 Y:78
08/07/2018 15:11:49 /INVISIBLE
10/07/2018 14:49:44 /INVISIBLE
10/07/2018 22:37:47 /INVISIBLE
10/07/2018 22:37:53 Transportó a Agush hacia Mapa1 X:46 Y:76
12/07/2018 15:32:36 /INVISIBLE
13/07/2018 11:31:42 /INVISIBLE
16/07/2018 1:25:50 Sumoneó a Murciélago en mapa 1
16/07/2018 1:25:52 /MATA 
16/07/2018 1:26:31 Sumoneó a Sacerdote en mapa 1
16/07/2018 1:29:51 Sumoneó a Sacerdote en mapa 1
16/07/2018 1:30:25 Sumoneó a Sacerdote en mapa 1
16/07/2018 1:30:28 /MASSKILL
16/07/2018 1:30:29 Sumoneó a Sacerdote en mapa 1
16/07/2018 1:31:24 agush ha recargado los NPCs.
16/07/2018 1:31:26 Sumoneó a Sacerdote en mapa 1
16/07/2018 1:31:29 /MASSKILL
16/07/2018 1:32:51 agush ha recargado los NPCs.
16/07/2018 1:33:08 Sumoneó a Sacerdote en mapa 1
17/07/2018 16:41:01 /INVISIBLE
17/07/2018 16:41:02 Transportó a agush hacia Mapa7 X:57 Y:44
17/07/2018 16:41:03 Transportó a agush hacia Mapa7 X:52 Y:44
17/07/2018 16:41:03 Transportó a agush hacia Mapa7 X:47 Y:43
17/07/2018 16:49:02 /INVISIBLE
17/07/2018 17:08:11 /IRA holanda Mapa:3 X:41 Y:51
17/07/2018 17:08:43 /IRA holanda Mapa:3 X:44 Y:53
17/07/2018 17:09:49 /IRA holanda Mapa:3 X:48 Y:51
17/07/2018 17:10:04 /IRA holanda Mapa:3 X:43 Y:50
17/07/2018 17:10:24 /SUM holanda Map:3 X:76 Y:54
17/07/2018 17:10:32 /INVISIBLE
17/07/2018 17:11:12 /IRA holanda Mapa:3 X:49 Y:51
17/07/2018 17:11:42 /IRA holanda Mapa:3 X:43 Y:52
17/07/2018 17:11:47 /IRA holanda Mapa:3 X:41 Y:53
17/07/2018 17:11:53 /SUM holanda Map:3 X:75 Y:54
17/07/2018 17:19:41 Transportó a agush hacia Mapa7 X:46 Y:45
17/07/2018 17:19:41 Transportó a agush hacia Mapa7 X:47 Y:50
17/07/2018 17:19:42 Transportó a agush hacia Mapa7 X:47 Y:55
17/07/2018 17:19:42 Transportó a agush hacia Mapa7 X:48 Y:59
17/07/2018 17:21:29 Transportó a agush hacia Mapa7 X:46 Y:46
17/07/2018 17:21:29 Transportó a agush hacia Mapa7 X:47 Y:50
17/07/2018 17:22:57 Transportó a agush hacia Mapa7 X:50 Y:48
17/07/2018 17:22:58 Transportó a agush hacia Mapa7 X:49 Y:54
17/07/2018 17:22:58 Transportó a agush hacia Mapa7 X:48 Y:62
17/07/2018 17:24:21 Transportó a agush hacia Mapa7 X:52 Y:49
17/07/2018 17:24:21 Transportó a agush hacia Mapa7 X:52 Y:55
17/07/2018 17:24:22 Transportó a agush hacia Mapa7 X:52 Y:63
17/07/2018 17:24:25 /INVISIBLE
17/07/2018 17:24:25 Transportó a agush hacia Mapa7 X:49 Y:47
17/07/2018 17:24:26 Transportó a agush hacia Mapa7 X:50 Y:52
17/07/2018 17:24:26 Transportó a agush hacia Mapa7 X:50 Y:59
17/07/2018 17:24:26 Transportó a agush hacia Mapa7 X:49 Y:64
17/07/2018 17:24:59 Transportó a agush hacia Mapa7 X:50 Y:52
17/07/2018 17:24:59 Transportó a agush hacia Mapa7 X:49 Y:58
17/07/2018 17:24:59 Transportó a agush hacia Mapa7 X:49 Y:63
17/07/2018 17:25:04 Transportó a agush hacia Mapa7 X:48 Y:52
17/07/2018 17:25:04 Transportó a agush hacia Mapa7 X:47 Y:58
17/07/2018 17:25:05 Transportó a agush hacia Mapa7 X:47 Y:64
17/07/2018 17:25:35 Transportó a agush hacia Mapa7 X:49 Y:54
17/07/2018 17:25:35 Transportó a agush hacia Mapa7 X:52 Y:59
17/07/2018 17:25:36 Transportó a agush hacia Mapa7 X:54 Y:65
17/07/2018 17:25:36 Transportó a agush hacia Mapa7 X:54 Y:70
17/07/2018 17:25:36 Transportó a agush hacia Mapa7 X:50 Y:69
17/07/2018 17:27:18 Transportó a agush hacia Mapa7 X:50 Y:47
17/07/2018 17:27:18 Transportó a agush hacia Mapa7 X:50 Y:52
17/07/2018 17:27:19 Transportó a agush hacia Mapa7 X:48 Y:57
17/07/2018 17:27:19 Transportó a agush hacia Mapa7 X:48 Y:63
17/07/2018 17:27:19 Transportó a agush hacia Mapa7 X:48 Y:68
18/07/2018 11:56:23 /INVISIBLE
18/07/2018 23:06:06 /INVISIBLE
19/07/2018 1:07:05 Transportó a agush hacia Mapa2 X:17 Y:51
19/07/2018 1:07:07 /INVISIBLE
19/07/2018 1:08:38 /INVISIBLE
30/07/2018 13:19:17 /INVISIBLE
7/2/2019 16:38:35 Transportó a agush hacia Mapa1 X:45 Y:79
7/2/2019 16:38:36 Transportó a agush hacia Mapa1 X:46 Y:76
9/2/2019 18:47:47 Transportó a agush hacia Mapa1 X:51 Y:80
9/2/2019 18:47:51 /INVISIBLE
9/2/2019 18:47:53 Transportó a agush hacia Mapa1 X:44 Y:82
02/10/2021 11:06:56 Transportó a agush hacia Mapa7 X:58 Y:45
02/10/2021 11:07:02 /INVISIBLE
02/10/2021 11:07:04 Transportó a agush hacia Mapa7 X:57 Y:45
