02/07/2018 15:47:26 agush asesino a dsd
02/07/2018 15:47:42 dsd asesino a agush
02/07/2018 15:47:52 dsd asesino a agush
02/07/2018 15:48:08 dsd asesino a agush
02/07/2018 15:48:25 agush asesino a dsd
02/07/2018 15:48:33 agush asesino a dsd
02/07/2018 15:50:19 dsd asesino a agush
02/07/2018 15:50:44 dsd asesino a agush
02/07/2018 15:50:56 dsd asesino a agush
02/07/2018 15:51:47 dsd asesino a agush
02/07/2018 15:52:14 agush asesino a dsd
02/07/2018 15:56:31 agush asesino a dsd
02/07/2018 15:56:52 agush asesino a dsd
02/07/2018 15:57:42 agush asesino a dsd
02/07/2018 15:59:00 agush asesino a dsd
02/07/2018 16:00:30 agush asesino a dsd
02/07/2018 16:01:33 agush asesino a dsd
02/07/2018 16:01:42 agush asesino a dsd
02/07/2018 16:03:41 agush asesino a dsd
02/07/2018 16:04:16 agush asesino a dsd
02/07/2018 16:05:48 agush asesino a dsd
02/07/2018 16:08:04 agush asesino a dsd
02/07/2018 16:13:15 xd asesino a dsd
02/07/2018 16:13:27 dsd asesino a xd
02/07/2018 16:14:31 dsd asesino a xd
02/07/2018 16:14:48 xd asesino a dsd
02/07/2018 16:14:52 xd asesino a dsd
02/07/2018 19:07:58 agush asesino a dsd
02/07/2018 19:08:11 agush asesino a dsd
02/07/2018 19:08:25 dsd asesino a agush
02/07/2018 19:08:35 dsd asesino a agush
02/07/2018 19:08:55 dsd asesino a agush
02/07/2018 19:09:03 dsd asesino a agush
02/07/2018 19:10:04 dsd asesino a agush
02/07/2018 19:11:51 dsd asesino a agush
02/07/2018 19:14:00 dsd asesino a agush
02/07/2018 19:14:06 dsd asesino a agush
02/07/2018 19:14:28 agush asesino a dsd
02/07/2018 19:14:55 agush asesino a dsd
02/07/2018 19:15:19 agush asesino a dsd
02/07/2018 19:15:28 agush asesino a dsd
02/07/2018 19:15:48 dsd asesino a agush
02/07/2018 19:15:57 agush asesino a dsd
02/07/2018 19:16:09 dsd asesino a agush
02/07/2018 19:16:19 agush asesino a dsd
02/07/2018 19:17:04 dsd asesino a agush
02/07/2018 19:17:10 dsd asesino a agush
02/07/2018 19:17:17 dsd asesino a agush
02/07/2018 19:17:26 dsd asesino a agush
05/07/2018 19:41:04 agush asesino a testing
05/07/2018 19:41:29 agush asesino a testing
05/07/2018 19:42:32 agush asesino a testing
05/07/2018 19:42:40 testing asesino a agush
05/07/2018 19:44:59 agush asesino a testing
06/07/2018 17:41:35 Legolas asesino a agush
06/07/2018 17:43:57 agush asesino a legolas
06/07/2018 17:45:47 agush asesino a legolas
06/07/2018 17:48:00 agush asesino a legolas
06/07/2018 17:49:29 agush asesino a legolas
06/07/2018 18:24:55 agush asesino a legolas
06/07/2018 18:27:08 agush asesino a legolas
06/07/2018 18:29:34 legolas asesino a agush
06/07/2018 18:32:57 agush asesino a legolas
07/07/2018 14:04:31 agush asesino a legolas
07/07/2018 14:17:33 agush asesino a legolas
07/07/2018 14:20:34 agush asesino a Legolas
07/07/2018 14:20:50 Legolas asesino a agush
07/07/2018 14:25:09 mujica asesino a agush
07/07/2018 14:25:34 mujica asesino a agush
07/07/2018 14:27:35 mujicas asesino a agush
07/07/2018 14:28:03 mujicas asesino a agush
07/07/2018 14:28:19 mujicas asesino a agush
07/07/2018 14:36:18 mujica asesino a agush
07/07/2018 14:37:19 legolas asesino a agush
07/07/2018 14:47:58 mujicas asesino a agush
07/07/2018 14:48:37 mujicas asesino a agush
07/07/2018 14:56:06 mujica asesino a agush
07/07/2018 14:56:50 mujicas asesino a agush
07/07/2018 15:01:34 agush asesino a legolas
07/07/2018 15:04:13 legolas asesino a agush
07/07/2018 15:04:31 legolas asesino a agush
07/07/2018 15:05:02 agush asesino a legolas
07/07/2018 15:05:18 legolas asesino a agush
07/07/2018 15:09:05 legolas asesino a agush
07/07/2018 15:09:20 legolas asesino a agush
07/07/2018 15:13:02 legolas asesino a agush
07/07/2018 15:13:20 agush asesino a legolas
07/07/2018 15:19:52 agush asesino a legolas
07/07/2018 15:20:24 legolas asesino a agush
07/07/2018 15:21:10 mujicas asesino a agush
07/07/2018 15:21:25 mujicas asesino a agush
07/07/2018 15:22:22 legolas asesino a agush
07/07/2018 15:26:05 legolas asesino a agush
07/07/2018 15:26:18 legolas asesino a agush
07/07/2018 15:26:31 legolas asesino a agush
07/07/2018 15:27:11 mujicas asesino a agush
07/07/2018 15:27:24 mujicas asesino a agush
07/07/2018 15:27:36 mujicas asesino a agush
07/07/2018 15:28:00 Mujica asesino a agush
07/07/2018 15:28:21 Mujica asesino a agush
07/07/2018 15:28:28 Mujica asesino a agush
07/07/2018 15:28:40 Mujica asesino a agush
07/07/2018 15:28:44 Mujica asesino a agush
07/07/2018 15:28:50 Mujica asesino a agush
07/07/2018 15:28:55 Mujica asesino a agush
07/07/2018 15:29:16 Mujica asesino a agush
07/07/2018 15:29:29 Mujica asesino a agush
07/07/2018 15:29:35 Mujica asesino a agush
07/07/2018 15:29:48 Mujica asesino a agush
07/07/2018 17:39:36 agush asesino a legolas
07/07/2018 17:39:56 agush asesino a legolas
07/07/2018 17:40:17 agush asesino a legolas
07/07/2018 17:40:38 legolas asesino a agush
08/07/2018 12:52:17 mujica asesino a agush
08/07/2018 12:53:10 legolas asesino a agush
08/07/2018 12:53:51 mujica asesino a agush
08/07/2018 12:57:22 legolas asesino a agush
08/07/2018 12:58:02 mujicas asesino a agush
08/07/2018 12:58:36 mujica asesino a agush
08/07/2018 13:00:26 legolas asesino a agush
08/07/2018 13:01:12 mujica asesino a agush
08/07/2018 13:26:24 legolas asesino a agush
08/07/2018 13:36:44 legolas asesino a agush
08/07/2018 13:37:19 mujica asesino a agush
08/07/2018 13:37:30 mujica asesino a agush
08/07/2018 13:37:59 mujicas asesino a agush
08/07/2018 13:38:07 mujicas asesino a agush
08/07/2018 13:38:17 mujicas asesino a agush
08/07/2018 13:38:23 mujicas asesino a agush
08/07/2018 13:38:34 mujicas asesino a agush
08/07/2018 13:38:45 mujicas asesino a agush
08/07/2018 13:38:51 mujicas asesino a agush
08/07/2018 13:38:57 mujicas asesino a agush
08/07/2018 13:39:02 mujicas asesino a agush
08/07/2018 13:39:14 mujicas asesino a agush
08/07/2018 13:43:11 legolas asesino a agush
08/07/2018 13:46:25 mujicas asesino a agush
08/07/2018 13:48:26 legolas asesino a agush
08/07/2018 13:50:41 mujicas asesino a agush
08/07/2018 13:52:17 mujicas asesino a agush
08/07/2018 13:56:19 legolas asesino a agush
08/07/2018 13:57:59 legolas asesino a agush
08/07/2018 13:58:29 agush asesino a legolas
08/07/2018 13:58:55 agush asesino a legolas
08/07/2018 13:59:10 agush asesino a legolas
08/07/2018 13:59:26 agush asesino a legolas
08/07/2018 14:00:26 agush asesino a legolas
08/07/2018 14:01:56 agush asesino a legolas
08/07/2018 14:02:14 agush asesino a legolas
08/07/2018 14:02:23 agush asesino a legolas
08/07/2018 14:08:46 legolas asesino a agush
08/07/2018 14:11:03 legolas asesino a agush
08/07/2018 14:12:52 legolas asesino a agush
08/07/2018 14:14:21 legolas asesino a agush
08/07/2018 14:14:41 agush asesino a legolas
08/07/2018 14:14:49 agush asesino a legolas
08/07/2018 14:14:56 agush asesino a legolas
08/07/2018 14:15:01 agush asesino a legolas
08/07/2018 14:17:14 legolas asesino a agush
08/07/2018 14:17:36 agush asesino a legolas
08/07/2018 14:19:29 agush asesino a legolas
08/07/2018 14:20:09 legolas asesino a agush
08/07/2018 14:20:21 legolas asesino a agush
08/07/2018 14:23:34 legolas asesino a agush
08/07/2018 14:25:12 legolas asesino a agush
08/07/2018 14:34:21 agush asesino a legolas
08/07/2018 14:36:58 agush asesino a legolas
08/07/2018 14:38:23 agush asesino a legolas
08/07/2018 14:40:19 agush asesino a legolas
08/07/2018 14:42:12 agush asesino a legolas
08/07/2018 14:44:06 legolas asesino a agush
08/07/2018 14:44:16 legolas asesino a agush
08/07/2018 14:44:55 mujicas asesino a agush
08/07/2018 14:45:22 mujicas asesino a agush
08/07/2018 14:45:42 mujicas asesino a agush
08/07/2018 14:46:00 mujica asesino a agush
08/07/2018 14:46:26 mujica asesino a agush
08/07/2018 14:46:43 mujica asesino a agush
08/07/2018 14:48:23 legolas asesino a agush
08/07/2018 14:48:40 legolas asesino a agush
08/07/2018 14:48:58 legolas asesino a agush
08/07/2018 14:49:16 legolas asesino a agush
08/07/2018 14:49:39 Mujica asesino a agush
08/07/2018 14:52:56 legolas asesino a agush
08/07/2018 14:53:26 mujica asesino a agush
08/07/2018 14:54:01 mujicas asesino a agush
08/07/2018 14:54:18 agush asesino a mujicas
08/07/2018 14:54:36 agush asesino a mujicas
08/07/2018 14:54:52 agush asesino a mujicas
08/07/2018 14:55:01 agush asesino a mujicas
08/07/2018 14:55:10 agush asesino a mujicas
08/07/2018 14:55:33 mujicas asesino a agush
08/07/2018 14:55:42 mujicas asesino a agush
08/07/2018 14:55:50 mujicas asesino a agush
08/07/2018 14:56:08 mujicas asesino a agush
08/07/2018 14:59:52 legolas asesino a agush
08/07/2018 15:55:28 Comunidad AO asesino a legolas
14/07/2018 10:36:30 alojas asesino a testing
14/07/2018 10:39:55 alojas asesino a testing
14/07/2018 10:40:55 alojas asesino a testing
14/07/2018 10:48:34 alojas asesino a testing
14/07/2018 10:50:18 alojas asesino a testing
14/07/2018 10:52:30 alojas asesino a testing
14/07/2018 10:54:54 alojas asesino a testing
14/07/2018 10:56:02 nenes asesino a testing
14/07/2018 10:57:03 nenes asesino a testing
14/07/2018 11:01:38 nenes asesino a testing
14/07/2018 11:16:25 nenes asesino a alojas
14/07/2018 11:16:38 nenes asesino a alojas
14/07/2018 11:17:03 nenes asesino a alojas
14/07/2018 11:17:29 nenes asesino a alojas
14/07/2018 11:18:19 nenes asesino a alojas
14/07/2018 11:18:31 nenes asesino a alojas
14/07/2018 11:18:50 nenes asesino a alojas
14/07/2018 11:19:55 nenes asesino a alojas
14/07/2018 11:21:10 nenes asesino a alojas
14/07/2018 11:21:41 nenes asesino a alojas
14/07/2018 11:22:05 nenes asesino a alojas
14/07/2018 11:26:22 nenes asesino a alojas
14/07/2018 11:27:32 nenes asesino a alojas
14/07/2018 11:46:04 nenes asesino a alojas
14/07/2018 12:15:33 nenes asesino a alojas
14/07/2018 12:15:39 nenes asesino a alojas
14/07/2018 12:16:10 alojas asesino a nenes
17/07/2018 17:08:23 agush asesino a holanda
17/07/2018 17:08:45 agush asesino a holanda
17/07/2018 17:09:54 agush asesino a holanda
17/07/2018 17:10:06 agush asesino a holanda
17/07/2018 17:10:38 holanda asesino a agush
17/07/2018 17:11:21 agush asesino a holanda
17/07/2018 17:11:44 agush asesino a holanda
17/07/2018 17:11:48 agush asesino a holanda
17/07/2018 17:11:58 holanda asesino a agush
17/07/2018 17:19:49 agush asesino a holanda
17/07/2018 17:21:37 agush asesino a holanda
17/07/2018 17:22:59 agush asesino a holanda
17/07/2018 17:24:23 agush asesino a holanda
17/07/2018 17:24:28 agush asesino a holanda
17/07/2018 17:24:41 holanda asesino a agush
17/07/2018 17:25:02 agush asesino a holanda
17/07/2018 17:25:24 agush asesino a holanda
17/07/2018 17:25:38 agush asesino a holanda
17/07/2018 17:25:57 agush asesino a holanda
17/07/2018 17:26:53 agush asesino a holanda
17/07/2018 17:27:08 agush asesino a holanda
10/2/2019 16:32:39 torstein asesino a carlitox
10/2/2019 16:33:46 torstein asesino a carlitox
10/2/2019 16:33:54 torstein asesino a carlitox
10/2/2019 16:34:10 torstein asesino a carlitox
10/2/2019 16:34:47 torstein asesino a carlitox
10/2/2019 16:35:52 torstein asesino a carlitox
13/2/2019 01:50:07 carlitox asesino a tester
13/2/2019 01:51:13 carlitox asesino a tester
13/2/2019 01:51:31 tester asesino a carlitox
13/2/2019 01:53:19 carlitox asesino a tester
13/2/2019 01:53:37 tester asesino a carlitox
13/2/2019 01:56:15 carlitox asesino a tester
13/2/2019 01:56:49 tester asesino a carlitox
13/2/2019 01:59:31 carlitox asesino a tester
13/2/2019 01:59:42 tester asesino a carlitox
13/2/2019 02:02:18 carlitox asesino a tester
13/2/2019 02:02:31 tester asesino a carlitox
13/2/2019 02:02:44 carlitox asesino a tester
13/2/2019 02:32:40 tester asesino a carlitox
13/2/2019 02:34:24 carlitox asesino a tester
13/2/2019 02:34:41 tester asesino a carlitox
13/2/2019 02:35:09 carlitox asesino a tester
13/2/2019 02:37:18 tester asesino a carlitox
13/2/2019 02:45:35 tester asesino a carlitox
13/2/2019 02:45:45 carlitox asesino a tester
13/2/2019 02:45:51 carlitox asesino a tester
13/2/2019 02:46:17 tester asesino a carlitox
13/2/2019 02:46:40 tester asesino a carlitox
13/2/2019 02:46:45 tester asesino a carlitox
13/2/2019 02:54:39 tester asesino a carlitox
13/2/2019 02:55:09 tester asesino a carlitox
13/2/2019 02:55:49 carlitox asesino a tester
13/2/2019 03:00:14 tester asesino a carlitox
13/2/2019 03:00:36 carlitox asesino a tester
13/2/2019 03:01:27 torstein asesino a tester
13/2/2019 03:02:11 nenes asesino a tester
13/2/2019 03:04:20 tester asesino a carlitox
13/2/2019 03:04:34 carlitox asesino a tester
13/2/2019 03:11:27 tester asesino a carlitox
13/2/2019 03:11:59 torstein asesino a carlitox
13/2/2019 03:15:53 tester asesino a carlitox
13/2/2019 03:16:03 carlitox asesino a tester
13/2/2019 03:16:24 tester asesino a carlitox
13/2/2019 03:16:51 carlitox asesino a tester
13/2/2019 03:21:40 tester asesino a carlitox
13/2/2019 03:21:50 carlitox asesino a tester
13/2/2019 03:22:43 carlitox asesino a tester
13/2/2019 03:23:20 nenes asesino a tester
13/2/2019 03:23:40 torstein asesino a tester
13/2/2019 03:24:28 torstein asesino a tester
13/2/2019 03:24:34 torstein asesino a tester
13/2/2019 03:24:40 torstein asesino a tester
13/2/2019 03:25:01 torstein asesino a tester
13/2/2019 03:25:06 torstein asesino a tester
13/2/2019 03:26:50 carlitox asesino a tester
13/2/2019 03:26:55 carlitox asesino a tester
13/2/2019 03:27:10 tester asesino a carlitox
13/2/2019 03:27:40 carlitox asesino a tester
13/2/2019 03:28:10 torstein asesino a tester
13/2/2019 03:28:32 nenes asesino a tester
13/2/2019 03:29:14 carlitox asesino a tester
13/2/2019 21:15:40 torstein asesino a carlitox
13/2/2019 21:19:18 carlitox asesino a torstein
13/2/2019 21:23:48 carlitox asesino a torstein
13/2/2019 21:26:40 carlitox asesino a torstein
13/2/2019 21:54:33 carlitox asesino a torstein
13/2/2019 22:02:15 torstein asesino a carlitox
13/2/2019 22:02:39 carlitox asesino a torstein
13/2/2019 22:06:06 carlitox asesino a torstein
13/2/2019 22:06:22 torstein asesino a carlitox
13/2/2019 22:06:46 carlitox asesino a torstein
13/2/2019 22:07:28 torstein asesino a carlitox
13/2/2019 22:07:51 torstein asesino a carlitox
13/2/2019 22:08:39 nenes asesino a carlitox
13/2/2019 22:10:41 carlitox asesino a torstein
13/2/2019 22:10:51 torstein asesino a carlitox
13/2/2019 22:13:16 carlitox asesino a torstein
13/2/2019 22:13:26 torstein asesino a carlitox
13/2/2019 22:14:20 torstein asesino a carlitox
13/2/2019 22:14:34 torstein asesino a carlitox
13/2/2019 22:25:15 torstein asesino a carlitox
13/2/2019 22:25:37 carlitox asesino a torstein
13/2/2019 22:27:53 torstein asesino a carlitox
13/2/2019 22:28:13 carlitox asesino a torstein
13/2/2019 22:31:41 torstein asesino a carlitox
13/2/2019 22:32:09 carlitox asesino a torstein
13/2/2019 22:33:18 carlitox asesino a torstein
13/2/2019 22:33:26 torstein asesino a carlitox
13/2/2019 22:34:03 carlitox asesino a torstein
13/2/2019 22:34:21 carlitox asesino a torstein
13/2/2019 22:34:30 carlitox asesino a torstein
13/2/2019 22:36:17 torstein asesino a carlitox
13/2/2019 22:36:37 carlitox asesino a torstein
13/2/2019 22:38:31 torstein asesino a carlitox
13/2/2019 22:38:39 carlitox asesino a torstein
13/2/2019 22:39:02 torstein asesino a carlitox
13/2/2019 22:46:57 carlitox asesino a torstein
13/2/2019 22:47:04 torstein asesino a carlitox
13/2/2019 22:47:31 carlitox asesino a torstein
13/2/2019 23:00:00 carlitox asesino a torstein
13/2/2019 23:00:14 torstein asesino a carlitox
13/2/2019 23:01:44 torstein asesino a carlitox
13/2/2019 23:01:48 torstein asesino a carlitox
13/2/2019 23:01:54 torstein asesino a carlitox
13/2/2019 23:04:16 carlitox asesino a torstein
13/2/2019 23:04:25 torstein asesino a carlitox
13/2/2019 23:07:00 carlitox asesino a torstein
13/2/2019 23:08:54 carlitox asesino a torstein
13/2/2019 23:09:25 torstein asesino a carlitox
13/2/2019 23:09:46 torstein asesino a carlitox
13/2/2019 23:09:51 torstein asesino a carlitox
13/2/2019 23:11:15 torstein asesino a carlitox
13/2/2019 23:13:06 carlitox asesino a torstein
13/2/2019 23:13:16 torstein asesino a carlitox
13/2/2019 23:15:09 torstein asesino a carlitox
13/2/2019 23:15:21 carlitox asesino a torstein
13/2/2019 23:45:29 carlitox asesino a torstein
13/2/2019 23:45:35 carlitox asesino a torstein
13/2/2019 23:45:41 carlitox asesino a torstein
13/2/2019 23:48:27 torstein asesino a carlitox
13/2/2019 23:48:36 torstein asesino a carlitox
