18/11/2013 02:44:09 p.m. server iniciado 0.13.0
18/11/2013 02:49:02 p.m. server cerrado.
18/11/2013 02:49:11 p.m. server iniciado 0.13.0
19/11/2013 02:28:53 p.m. server cerrado.
19/11/2013 02:29:34 p.m. server iniciado 0.13.0
19/11/2013 02:29:34 p.m. server iniciado 0.13.0
19/11/2013 10:34:45 p.m. server cerrado.
19/11/2013 10:34:45 p.m. server cerrado.
20/11/2013 02:46:41 p.m. server iniciado 0.13.0
20/11/2013 02:48:47 p.m. server cerrado.
06/12/2013 11:11:27 a.m. server iniciado 0.13.0
06/12/2013 11:23:12 a.m. server cerrado.
06/12/2013 11:24:22 a.m. server iniciado 0.13.0
06/12/2013 11:25:07 a.m. server cerrado.
06/12/2013 11:27:05 a.m. server iniciado 0.13.0
06/12/2013 12:35:38 p.m. server cerrado.
06/12/2013 01:12:32 p.m. server iniciado 0.13.0
06/12/2013 01:42:44 p.m. server cerrado.
06/12/2013 01:50:54 p.m. server iniciado 0.13.0
06/12/2013 01:58:09 p.m. server cerrado.
06/12/2013 01:58:32 p.m. server iniciado 0.13.0
06/12/2013 02:01:30 p.m. server iniciado 0.13.0
07/12/2013 12:12:46 p.m. server cerrado.
07/12/2013 04:24:10 p.m. server iniciado 0.13.0
07/12/2013 04:26:31 p.m. server cerrado.
08/12/2013 07:11:26 p.m. server iniciado 0.13.0
08/12/2013 07:34:55 p.m. server cerrado.
08/12/2013 07:49:25 p.m. server iniciado 0.13.0
08/12/2013 08:45:35 p.m. server cerrado.
08/12/2013 08:47:17 p.m. server iniciado 0.13.0
08/12/2013 09:23:34 p.m. server cerrado.
09/12/2013 11:58:17 a.m. server iniciado 0.13.0
09/12/2013 12:49:46 p.m. server cerrado.
09/12/2013 12:49:55 p.m. server iniciado 0.13.0
09/12/2013 12:58:41 p.m. server cerrado.
09/12/2013 12:58:51 p.m. server iniciado 0.13.0
09/12/2013 01:01:42 p.m. server cerrado.
01/03/2018 11:18:18 server iniciado 0.13.0
01/03/2018 11:18:37 server iniciado 0.13.0
01/03/2018 11:19:08 server cerrado.
01/03/2018 11:23:56 server iniciado 0.13.0
01/03/2018 11:24:32 server cerrado.
01/03/2018 11:34:58 server iniciado 0.13.0
01/03/2018 11:35:26 server cerrado.
01/03/2018 11:36:34 server iniciado 0.13.0
01/03/2018 11:36:59 server iniciado 0.13.0
01/03/2018 11:40:19 server iniciado 0.13.0
01/03/2018 11:58:29 server iniciado 0.13.0
01/03/2018 12:00:25 server cerrado.
01/03/2018 12:08:41 server iniciado 0.13.0
01/03/2018 12:08:57 server cerrado.
01/03/2018 12:13:27 server iniciado 0.13.0
01/03/2018 12:13:48 server cerrado.
01/03/2018 12:19:08 server iniciado 0.13.0
01/03/2018 12:20:00 server iniciado 0.13.0
01/03/2018 12:20:55 server cerrado.
01/03/2018 12:22:23 server iniciado 0.13.0
01/03/2018 12:25:47 server cerrado.
01/03/2018 12:46:11 server iniciado 0.13.0
01/03/2018 12:53:45 server cerrado.
01/03/2018 12:54:02 server iniciado 0.13.0
01/03/2018 12:54:14 server cerrado.
01/03/2018 12:54:36 server iniciado 0.13.0
01/03/2018 13:46:45 server iniciado 0.13.0
01/03/2018 13:48:53 server cerrado.
01/03/2018 13:49:19 server iniciado 0.13.0
01/03/2018 13:49:44 server cerrado.
01/03/2018 13:53:50 server iniciado 0.13.0
01/03/2018 13:54:22 server cerrado.
01/03/2018 13:57:56 server iniciado 0.13.0
01/03/2018 13:58:18 server cerrado.
01/03/2018 13:58:47 server iniciado 0.13.0
01/03/2018 13:59:23 server cerrado.
01/03/2018 14:09:58 server iniciado 0.13.0
01/03/2018 14:16:36 server iniciado 0.13.0
01/03/2018 14:16:45 server cerrado.
01/03/2018 14:17:08 server iniciado 0.13.0
01/03/2018 14:17:34 server iniciado 0.13.0
01/03/2018 14:17:55 server cerrado.
01/03/2018 14:18:35 server iniciado 0.13.0
01/03/2018 14:19:00 server iniciado 0.13.0
01/03/2018 14:19:18 server iniciado 0.13.0
01/03/2018 14:19:24 server cerrado.
01/03/2018 14:25:41 server iniciado 0.13.0
01/03/2018 14:25:58 server iniciado 0.13.0
01/03/2018 14:29:56 server iniciado 0.13.0
01/03/2018 14:31:23 server iniciado 0.13.0
01/03/2018 14:32:57 server iniciado 0.13.0
01/03/2018 14:39:41 server iniciado 0.13.0
01/03/2018 15:04:49 server iniciado 0.13.0
01/03/2018 15:38:16 server iniciado 0.13.0
01/03/2018 15:39:34 server iniciado 0.13.0
01/03/2018 15:45:19 server iniciado 0.13.0
01/03/2018 15:49:15 server iniciado 0.13.0
01/03/2018 16:20:54 server iniciado 0.13.0
01/03/2018 16:51:04 server iniciado 0.13.0
01/03/2018 18:20:40 server iniciado 0.13.0
01/03/2018 18:25:19 server iniciado 0.13.0
01/03/2018 18:31:07 server iniciado 0.13.0
01/03/2018 18:34:18 server iniciado 0.13.0
01/03/2018 18:36:01 server iniciado 0.13.0
01/03/2018 18:48:39 server iniciado 0.13.0
01/03/2018 19:11:57 server iniciado 0.13.0
01/03/2018 19:13:05 server iniciado 0.13.0
01/03/2018 19:14:25 server iniciado 0.13.0
01/03/2018 19:15:37 server iniciado 0.13.0
01/03/2018 19:17:56 server iniciado 0.13.0
01/03/2018 19:19:55 server iniciado 0.13.0
01/03/2018 19:24:29 server iniciado 0.13.0
01/03/2018 19:27:23 server iniciado 0.13.0
01/03/2018 19:44:23 server iniciado 0.13.0
01/03/2018 19:54:43 server iniciado 0.13.0
01/03/2018 19:55:19 server iniciado 0.13.0
01/03/2018 19:59:20 server iniciado 0.13.0
01/03/2018 20:01:44 server iniciado 0.13.0
01/03/2018 20:02:12 server iniciado 0.13.0
01/03/2018 20:04:53 server iniciado 0.13.0
01/03/2018 20:14:39 server iniciado 0.13.0
01/03/2018 20:24:18 server iniciado 0.13.0
01/03/2018 20:28:00 server iniciado 0.13.0
01/03/2018 20:30:33 server iniciado 0.13.0
01/03/2018 20:34:11 server iniciado 0.13.0
01/03/2018 23:35:55 server iniciado 0.13.0
01/03/2018 23:37:10 server iniciado 0.13.0
01/03/2018 23:41:40 server iniciado 0.13.0
02/03/2018 0:03:35 server iniciado 0.13.0
02/03/2018 0:12:48 server iniciado 0.13.0
02/03/2018 0:19:30 server iniciado 0.13.0
02/03/2018 11:19:06 server iniciado 0.13.0
02/03/2018 11:33:59 server iniciado 0.13.0
02/03/2018 12:01:26 server iniciado 0.13.0
02/03/2018 12:04:11 server iniciado 0.13.0
02/03/2018 12:04:15 server cerrado.
02/03/2018 12:04:56 server iniciado 0.13.0
02/03/2018 12:05:17 server iniciado 0.13.0
02/03/2018 12:08:12 server iniciado 0.13.0
02/03/2018 12:40:44 server cerrado.
02/03/2018 12:44:31 server iniciado 0.13.0
02/03/2018 12:44:51 server cerrado.
02/03/2018 12:45:05 server iniciado 0.13.0
02/03/2018 12:45:25 server iniciado 0.13.0
02/03/2018 12:46:17 server cerrado.
02/03/2018 12:46:21 server cerrado.
02/03/2018 12:52:10 server iniciado 0.13.0
02/03/2018 12:52:18 server iniciado 0.13.0
02/03/2018 12:53:11 server iniciado 0.13.0
02/03/2018 12:53:27 server iniciado 0.13.0
02/03/2018 12:59:21 server iniciado 0.13.0
02/03/2018 12:59:23 server iniciado 0.13.0
02/03/2018 15:21:28 server iniciado 0.13.0
02/03/2018 15:21:36 server iniciado 0.13.0
02/03/2018 15:23:52 server iniciado 0.13.0
02/03/2018 15:23:55 server iniciado 0.13.0
02/03/2018 15:26:42 server iniciado 0.13.0
02/03/2018 15:26:45 server iniciado 0.13.0
02/03/2018 15:28:17 server iniciado 0.13.0
02/03/2018 15:28:39 server iniciado 0.13.0
02/03/2018 15:28:52 server cerrado.
02/03/2018 15:31:56 server iniciado 0.13.0
02/03/2018 15:31:58 server iniciado 0.13.0
02/03/2018 15:32:13 server cerrado.
02/03/2018 15:32:41 server cerrado.
02/03/2018 15:35:34 server iniciado 0.13.0
02/03/2018 15:35:48 server iniciado 0.13.0
02/03/2018 15:36:04 server cerrado.
02/03/2018 15:36:23 server iniciado 0.13.0
02/03/2018 15:38:46 server cerrado.
02/03/2018 15:39:53 server iniciado 0.13.0
02/03/2018 15:40:08 server cerrado.
02/03/2018 15:40:13 server cerrado.
02/03/2018 15:52:53 server iniciado 0.13.0
02/03/2018 15:53:14 server cerrado.
02/03/2018 15:53:36 server iniciado 0.13.0
02/03/2018 16:12:07 server iniciado 0.13.0
02/03/2018 16:12:29 server cerrado.
02/03/2018 16:13:04 server iniciado 0.13.0
02/03/2018 16:23:30 server iniciado 0.13.0
02/03/2018 16:23:42 server cerrado.
02/03/2018 16:24:03 server iniciado 0.13.0
02/03/2018 16:27:26 server iniciado 0.13.0
02/03/2018 16:28:12 server iniciado 0.13.0
02/03/2018 16:40:19 server iniciado 0.13.0
02/03/2018 16:44:22 server iniciado 0.13.0
02/03/2018 17:21:06 server iniciado 0.13.0
02/03/2018 17:24:06 server iniciado 0.13.0
02/03/2018 17:40:33 server iniciado 0.13.0
02/03/2018 19:25:49 server iniciado 0.13.0
02/03/2018 19:27:20 server iniciado 0.13.0
02/03/2018 19:27:43 server iniciado 0.13.0
02/03/2018 19:29:01 server iniciado 0.13.0
02/03/2018 19:30:14 server iniciado 0.13.0
02/03/2018 19:31:19 server iniciado 0.13.0
02/03/2018 19:37:10 server iniciado 0.13.0
02/03/2018 19:38:47 server iniciado 0.13.0
02/03/2018 19:41:39 server iniciado 0.13.0
02/03/2018 19:42:03 server iniciado 0.13.0
02/03/2018 19:52:46 server iniciado 0.13.0
02/03/2018 19:56:08 server iniciado 0.13.0
02/03/2018 20:02:56 server iniciado 0.13.0
02/03/2018 20:03:14 server iniciado 0.13.0
02/03/2018 20:08:58 server iniciado 0.13.0
02/03/2018 20:15:55 server iniciado 0.13.0
02/03/2018 20:21:15 server iniciado 0.13.0
02/03/2018 20:22:03 server iniciado 0.13.0
02/03/2018 20:22:54 server iniciado 0.13.0
02/03/2018 20:40:00 server iniciado 0.13.0
02/03/2018 20:40:37 server iniciado 0.13.0
02/03/2018 20:41:26 server iniciado 0.13.0
02/03/2018 20:46:58 server iniciado 0.13.0
02/03/2018 20:48:05 server iniciado 0.13.0
02/03/2018 20:48:37 server iniciado 0.13.0
02/03/2018 20:51:03 server iniciado 0.13.0
02/03/2018 20:58:57 server iniciado 0.13.0
02/03/2018 21:00:16 server iniciado 0.13.0
02/03/2018 22:47:56 server iniciado 0.13.0
02/03/2018 22:48:34 server iniciado 0.13.0
02/03/2018 22:49:39 server iniciado 0.13.0
02/03/2018 22:51:06 server iniciado 0.13.0
02/03/2018 22:51:45 server iniciado 0.13.0
02/03/2018 22:54:59 server iniciado 0.13.0
02/03/2018 23:01:48 server iniciado 0.13.0
02/03/2018 23:02:25 server iniciado 0.13.0
02/03/2018 23:03:20 server cerrado.
02/03/2018 23:03:22 server cerrado.
02/03/2018 23:03:39 server iniciado 0.13.0
02/03/2018 23:04:20 server iniciado 0.13.0
02/03/2018 23:05:26 server iniciado 0.13.0
02/03/2018 23:05:40 server iniciado 0.13.0
02/03/2018 23:18:00 server iniciado 0.13.0
02/03/2018 23:27:20 server iniciado 0.13.0
02/03/2018 23:29:35 server iniciado 0.13.0
02/03/2018 23:30:35 server iniciado 0.13.0
02/03/2018 23:30:52 server iniciado 0.13.0
02/03/2018 23:32:07 server iniciado 0.13.0
02/03/2018 23:32:25 server iniciado 0.13.0
02/03/2018 23:33:21 server iniciado 0.13.0
02/03/2018 23:34:00 server iniciado 0.13.0
02/03/2018 23:34:41 server iniciado 0.13.0
02/03/2018 23:37:02 server iniciado 0.13.0
02/03/2018 23:38:22 server iniciado 0.13.0
02/03/2018 23:38:50 server iniciado 0.13.0
02/03/2018 23:41:35 server iniciado 0.13.0
02/03/2018 23:47:26 server iniciado 0.13.0
03/03/2018 0:10:28 server iniciado 0.13.0
03/03/2018 0:11:24 server iniciado 0.13.0
03/03/2018 0:11:55 server iniciado 0.13.0
03/03/2018 0:12:27 server cerrado.
03/03/2018 0:12:29 server cerrado.
03/03/2018 0:12:42 server iniciado 0.13.0
03/03/2018 0:15:58 server iniciado 0.13.0
03/03/2018 0:16:22 server iniciado 0.13.0
03/03/2018 0:17:13 server iniciado 0.13.0
03/03/2018 0:17:26 server iniciado 0.13.0
03/03/2018 0:18:05 server iniciado 0.13.0
03/03/2018 0:33:16 server iniciado 0.13.0
03/03/2018 0:44:08 server cerrado.
03/03/2018 0:44:21 server iniciado 0.13.0
03/03/2018 0:45:17 server iniciado 0.13.0
03/03/2018 0:45:26 server cerrado.
03/03/2018 0:46:19 server iniciado 0.13.0
03/03/2018 0:46:52 server iniciado 0.13.0
03/03/2018 1:22:34 server iniciado 0.13.0
03/03/2018 1:23:00 server iniciado 0.13.0
03/03/2018 1:27:50 server iniciado 0.13.0
03/03/2018 2:45:02 server iniciado 0.13.0
03/03/2018 2:48:12 server iniciado 0.13.0
03/03/2018 12:31:05 server iniciado 0.13.0
03/03/2018 12:34:28 server iniciado 0.13.0
03/03/2018 12:35:34 server iniciado 0.13.0
03/03/2018 12:48:59 server iniciado 0.13.0
03/03/2018 13:31:08 server iniciado 0.13.0
03/03/2018 13:41:12 server iniciado 0.13.0
03/03/2018 13:59:51 server iniciado 0.13.0
03/03/2018 14:00:13 server iniciado 0.13.0
03/03/2018 14:53:19 server iniciado 0.13.0
03/03/2018 14:56:26 server iniciado 0.13.0
03/03/2018 15:10:30 server iniciado 0.13.0
03/03/2018 15:31:06 server iniciado 0.13.0
03/03/2018 15:37:02 server iniciado 0.13.0
03/03/2018 15:37:34 server iniciado 0.13.0
03/03/2018 15:48:55 server iniciado 0.13.0
04/03/2018 0:04:00 server iniciado 0.13.0
04/03/2018 0:05:46 server iniciado 0.13.0
04/03/2018 0:06:38 server iniciado 0.13.0
04/03/2018 0:08:04 server iniciado 0.13.0
04/03/2018 0:10:13 server iniciado 0.13.0
04/03/2018 0:19:42 server iniciado 0.13.0
04/03/2018 0:20:44 server iniciado 0.13.0
04/03/2018 0:42:06 server iniciado 0.13.0
04/03/2018 0:58:33 server iniciado 0.13.0
04/03/2018 0:59:20 server iniciado 0.13.0
04/03/2018 13:40:29 server iniciado 0.13.0
04/03/2018 14:44:32 server iniciado 0.13.0
04/03/2018 15:06:38 server iniciado 0.13.0
04/03/2018 15:14:01 server iniciado 0.13.0
04/03/2018 15:17:15 server iniciado 0.13.0
04/03/2018 15:23:20 server iniciado 0.13.0
04/03/2018 15:31:44 server iniciado 0.13.0
04/03/2018 15:32:15 server iniciado 0.13.0
05/03/2018 20:32:38 server iniciado 0.13.0
05/03/2018 20:58:23 server iniciado 0.13.0
05/03/2018 21:01:58 server iniciado 0.13.0
05/03/2018 21:02:25 server iniciado 0.13.0
05/03/2018 21:03:12 server iniciado 0.13.0
13/03/2018 20:08:56 server iniciado 0.13.0
13/03/2018 20:09:22 server iniciado 0.13.0
13/03/2018 20:25:15 server iniciado 0.13.0
13/03/2018 20:49:39 server iniciado 0.13.0
13/03/2018 20:50:12 server iniciado 0.13.0
13/03/2018 20:52:00 server iniciado 0.13.0
13/03/2018 20:52:56 server iniciado 0.13.0
22/03/2018 18:32:32 server iniciado 0.13.0
22/03/2018 18:33:30 server iniciado 0.13.0
22/03/2018 18:34:11 server iniciado 0.13.0
22/03/2018 18:34:59 server iniciado 0.13.0
22/03/2018 19:24:57 server iniciado 0.13.0
23/03/2018 21:30:53 server iniciado 0.13.0
23/03/2018 21:33:08 server iniciado 0.13.0
23/03/2018 21:33:36 server iniciado 0.13.0
23/03/2018 21:33:46 server iniciado 0.13.0
23/03/2018 21:34:31 server iniciado 0.13.0
23/03/2018 21:36:21 server iniciado 0.13.0
23/03/2018 21:36:37 server iniciado 0.13.0
23/03/2018 21:36:58 server iniciado 0.13.0
23/03/2018 21:44:44 server iniciado 0.13.0
23/03/2018 23:01:04 server iniciado 0.13.0
23/03/2018 23:02:30 server iniciado 0.13.0
23/03/2018 23:03:02 server iniciado 0.13.0
23/03/2018 23:04:38 server iniciado 0.13.0
23/03/2018 23:04:55 server iniciado 0.13.0
23/03/2018 23:05:05 server iniciado 0.13.0
24/03/2018 0:34:20 server iniciado 0.13.0
24/03/2018 0:34:40 server iniciado 0.13.0
12/05/2018 15:20:02 server iniciado 0.13.0
12/05/2018 15:20:07 server cerrado.
12/05/2018 15:20:38 server iniciado 0.13.0
12/05/2018 15:21:08 server iniciado 0.13.0
12/05/2018 15:21:44 server iniciado 0.13.0
12/05/2018 15:23:36 server iniciado 0.13.0
12/05/2018 15:24:39 server iniciado 0.13.0
12/05/2018 15:25:21 server iniciado 0.13.0
12/05/2018 15:27:00 server iniciado 0.13.0
12/05/2018 15:27:19 server iniciado 0.13.0
12/05/2018 15:27:48 server iniciado 0.13.0
12/05/2018 15:29:00 server iniciado 0.13.0
12/05/2018 15:29:59 server iniciado 0.13.0
12/05/2018 15:32:22 server iniciado 0.13.0
12/05/2018 15:32:51 server iniciado 0.13.0
12/05/2018 15:35:05 server iniciado 0.13.0
12/05/2018 15:35:27 server iniciado 0.13.0
12/05/2018 15:36:09 server iniciado 0.13.0
12/05/2018 15:36:31 server iniciado 0.13.0
12/05/2018 15:37:28 server iniciado 0.13.0
12/05/2018 15:40:34 server iniciado 0.13.0
12/05/2018 15:40:56 server iniciado 0.13.0
12/05/2018 15:42:32 server iniciado 0.13.0
12/05/2018 15:44:16 server iniciado 0.13.0
12/05/2018 15:44:58 server iniciado 0.13.0
12/05/2018 15:47:22 server iniciado 0.13.0
12/05/2018 15:47:56 server iniciado 0.13.0
12/05/2018 15:48:51 server iniciado 0.13.0
12/05/2018 15:49:20 server iniciado 0.13.0
12/05/2018 15:49:58 server iniciado 0.13.0
12/05/2018 15:51:04 server iniciado 0.13.0
12/05/2018 15:51:33 server iniciado 0.13.0
12/05/2018 15:52:13 server iniciado 0.13.0
12/05/2018 15:52:44 server iniciado 0.13.0
12/05/2018 15:53:18 server iniciado 0.13.0
12/05/2018 15:56:36 server iniciado 0.13.0
12/05/2018 15:57:42 server iniciado 0.13.0
12/05/2018 15:58:50 server iniciado 0.13.0
12/05/2018 15:59:45 server iniciado 0.13.0
12/05/2018 16:01:48 server iniciado 0.13.0
12/05/2018 16:03:56 server iniciado 0.13.0
12/05/2018 16:04:57 server iniciado 0.13.0
12/05/2018 16:05:22 server iniciado 0.13.0
12/05/2018 16:06:00 server iniciado 0.13.0
12/05/2018 16:06:35 server iniciado 0.13.0
12/05/2018 16:07:13 server iniciado 0.13.0
12/05/2018 16:09:06 server iniciado 0.13.0
12/05/2018 16:11:16 server iniciado 0.13.0
12/05/2018 16:11:43 server iniciado 0.13.0
12/05/2018 16:15:58 server iniciado 0.13.0
12/05/2018 16:17:44 server iniciado 0.13.0
12/05/2018 16:18:38 server iniciado 0.13.0
12/05/2018 16:19:54 server iniciado 0.13.0
12/05/2018 16:21:09 server iniciado 0.13.0
12/05/2018 16:22:18 server iniciado 0.13.0
12/05/2018 16:26:35 server iniciado 0.13.0
12/05/2018 16:27:31 server iniciado 0.13.0
12/05/2018 16:29:01 server iniciado 0.13.0
12/05/2018 16:30:12 server iniciado 0.13.0
12/05/2018 16:32:17 server iniciado 0.13.0
12/05/2018 16:37:25 server iniciado 0.13.0
12/05/2018 16:38:11 server iniciado 0.13.0
12/05/2018 17:13:57 server iniciado 0.13.0
12/05/2018 17:26:10 server iniciado 0.13.0
12/05/2018 20:11:39 server iniciado 0.13.0
12/05/2018 20:14:56 server iniciado 0.13.0
12/05/2018 20:16:38 server iniciado 0.13.0
12/05/2018 20:58:39 server iniciado 0.13.0
12/05/2018 21:00:36 server iniciado 0.13.0
12/05/2018 21:04:43 server iniciado 0.13.0
12/05/2018 21:09:08 server iniciado 0.13.0
12/05/2018 22:15:17 server iniciado 0.13.0
12/05/2018 22:18:01 server iniciado 0.13.0
12/05/2018 22:30:52 server iniciado 0.13.0
12/05/2018 22:54:18 server iniciado 0.13.0
12/05/2018 22:57:14 server iniciado 0.13.0
13/05/2018 21:06:13 server iniciado 0.13.0
21/06/2018 12:56:31 server iniciado 0.13.0
21/06/2018 13:45:19 server iniciado 0.13.0
21/06/2018 14:00:03 server iniciado 0.13.0
22/06/2018 22:44:10 server iniciado 0.13.0
26/06/2018 19:10:49 server iniciado 0.13.0
26/06/2018 19:15:01 server iniciado 0.13.0
26/06/2018 19:15:51 server iniciado 0.13.0
26/06/2018 19:16:22 server iniciado 0.13.0
26/06/2018 19:16:47 server iniciado 0.13.0
26/06/2018 19:17:25 server iniciado 0.13.0
26/06/2018 19:17:45 server iniciado 0.13.0
26/06/2018 19:24:15 server iniciado 0.13.0
26/06/2018 19:25:06 server iniciado 0.13.0
26/06/2018 19:29:03 server iniciado 0.13.0
26/06/2018 19:30:02 server iniciado 0.13.0
26/06/2018 19:30:33 server iniciado 0.13.0
26/06/2018 19:30:50 server iniciado 0.13.0
26/06/2018 19:32:08 server iniciado 0.13.0
26/06/2018 19:51:21 server iniciado 0.13.0
26/06/2018 19:51:54 server iniciado 0.13.0
26/06/2018 19:52:18 server iniciado 0.13.0
26/06/2018 19:52:30 server iniciado 0.13.0
26/06/2018 19:53:08 server iniciado 0.13.0
26/06/2018 19:53:37 server iniciado 0.13.0
26/06/2018 19:54:29 server iniciado 0.13.0
26/06/2018 19:55:35 server iniciado 0.13.0
26/06/2018 19:56:25 server iniciado 0.13.0
26/06/2018 19:56:58 server iniciado 0.13.0
26/06/2018 19:57:55 server iniciado 0.13.0
26/06/2018 19:58:32 server iniciado 0.13.0
26/06/2018 19:59:34 server iniciado 0.13.0
26/06/2018 20:00:16 server iniciado 0.13.0
26/06/2018 20:01:16 server iniciado 0.13.0
26/06/2018 20:03:14 server iniciado 0.13.0
26/06/2018 20:03:33 server iniciado 0.13.0
26/06/2018 20:04:39 server iniciado 0.13.0
26/06/2018 20:08:20 server iniciado 0.13.0
26/06/2018 20:09:10 server iniciado 0.13.0
26/06/2018 20:09:31 server iniciado 0.13.0
26/06/2018 20:50:25 server iniciado 0.13.0
26/06/2018 20:50:51 server iniciado 0.13.0
26/06/2018 20:51:09 server iniciado 0.13.0
26/06/2018 20:52:24 server iniciado 0.13.0
26/06/2018 21:22:50 server iniciado 0.13.0
26/06/2018 21:28:07 server iniciado 0.13.0
26/06/2018 21:28:52 server iniciado 0.13.0
26/06/2018 21:29:42 server iniciado 0.13.0
26/06/2018 21:30:38 server iniciado 0.13.0
26/06/2018 21:32:23 server iniciado 0.13.0
26/06/2018 21:33:33 server iniciado 0.13.0
26/06/2018 21:41:54 server iniciado 0.13.0
28/06/2018 22:10:20 server iniciado 0.13.0
28/06/2018 22:11:37 server iniciado 0.13.0
28/06/2018 22:12:03 server iniciado 0.13.0
28/06/2018 22:39:29 server iniciado 0.13.0
28/06/2018 22:40:53 server iniciado 0.13.0
28/06/2018 22:46:44 server iniciado 0.13.0
28/06/2018 22:48:18 server iniciado 0.13.0
28/06/2018 22:48:53 server iniciado 0.13.0
28/06/2018 22:49:06 server iniciado 0.13.0
28/06/2018 22:49:41 server iniciado 0.13.0
28/06/2018 22:50:28 server iniciado 0.13.0
28/06/2018 22:51:03 server iniciado 0.13.0
28/06/2018 22:56:14 server iniciado 0.13.0
28/06/2018 22:59:29 server iniciado 0.13.0
28/06/2018 23:02:13 server iniciado 0.13.0
28/06/2018 23:03:05 server iniciado 0.13.0
28/06/2018 23:04:10 server iniciado 0.13.0
28/06/2018 23:15:17 server iniciado 0.13.0
28/06/2018 23:25:12 server iniciado 0.13.0
28/06/2018 23:27:27 server iniciado 0.13.0
28/06/2018 23:28:55 server iniciado 0.13.0
28/06/2018 23:29:32 server iniciado 0.13.0
28/06/2018 23:30:30 server iniciado 0.13.0
28/06/2018 23:31:32 server iniciado 0.13.0
28/06/2018 23:32:28 server iniciado 0.13.0
28/06/2018 23:34:02 server iniciado 0.13.0
28/06/2018 23:34:46 server iniciado 0.13.0
28/06/2018 23:35:43 server iniciado 0.13.0
28/06/2018 23:38:16 server iniciado 0.13.0
28/06/2018 23:40:18 server iniciado 0.13.0
28/06/2018 23:40:51 server iniciado 0.13.0
28/06/2018 23:53:41 server iniciado 0.13.0
28/06/2018 23:54:07 server iniciado 0.13.0
28/06/2018 23:54:43 server iniciado 0.13.0
28/06/2018 23:54:57 server iniciado 0.13.0
28/06/2018 23:56:20 server iniciado 0.13.0
28/06/2018 23:56:28 server iniciado 0.13.0
28/06/2018 23:58:22 server iniciado 0.13.0
28/06/2018 23:58:34 server iniciado 0.13.0
28/06/2018 23:59:12 server iniciado 0.13.0
28/06/2018 23:59:27 server iniciado 0.13.0
28/06/2018 23:59:57 server iniciado 0.13.0
29/06/2018 0:00:12 server iniciado 0.13.0
29/06/2018 0:02:21 server iniciado 0.13.0
29/06/2018 0:02:29 server iniciado 0.13.0
29/06/2018 0:03:17 server iniciado 0.13.0
29/06/2018 0:03:24 server iniciado 0.13.0
29/06/2018 0:04:37 server iniciado 0.13.0
29/06/2018 0:04:48 server iniciado 0.13.0
29/06/2018 0:05:25 server iniciado 0.13.0
29/06/2018 0:05:34 server iniciado 0.13.0
29/06/2018 0:06:55 server iniciado 0.13.0
29/06/2018 17:06:10 server iniciado 0.13.0
29/06/2018 17:07:01 server iniciado 0.13.0
29/06/2018 17:07:45 server iniciado 0.13.0
29/06/2018 17:07:50 server iniciado 0.13.0
29/06/2018 17:08:50 server iniciado 0.13.0
29/06/2018 17:08:57 server iniciado 0.13.0
29/06/2018 17:09:08 server iniciado 0.13.0
29/06/2018 17:11:19 server iniciado 0.13.0
29/06/2018 17:11:39 server iniciado 0.13.0
29/06/2018 17:21:17 server iniciado 0.13.0
29/06/2018 17:34:21 server iniciado 0.13.0
29/06/2018 17:42:37 server iniciado 0.13.0
29/06/2018 17:45:48 server iniciado 0.13.0
29/06/2018 17:52:19 server iniciado 0.13.0
29/06/2018 17:52:59 server iniciado 0.13.0
29/06/2018 18:03:50 server iniciado 0.13.0
29/06/2018 18:10:07 server iniciado 0.13.0
29/06/2018 18:16:34 server iniciado 0.13.0
29/06/2018 18:17:45 server iniciado 0.13.0
29/06/2018 18:18:56 server iniciado 0.13.0
29/06/2018 18:19:50 server iniciado 0.13.0
29/06/2018 18:21:53 server iniciado 0.13.0
29/06/2018 18:22:56 server iniciado 0.13.0
29/06/2018 18:25:03 server iniciado 0.13.0
29/06/2018 18:27:27 server iniciado 0.13.0
29/06/2018 18:58:40 server iniciado 0.13.0
29/06/2018 18:59:11 server iniciado 0.13.0
29/06/2018 19:00:48 server iniciado 0.13.0
29/06/2018 19:02:05 server iniciado 0.13.0
29/06/2018 19:03:27 server iniciado 0.13.0
29/06/2018 19:04:12 server iniciado 0.13.0
29/06/2018 19:04:54 server iniciado 0.13.0
29/06/2018 19:05:45 server iniciado 0.13.0
29/06/2018 19:08:36 server iniciado 0.13.0
29/06/2018 19:20:37 server iniciado 0.13.0
29/06/2018 19:20:47 server iniciado 0.13.0
29/06/2018 19:21:49 server iniciado 0.13.0
29/06/2018 19:22:37 server iniciado 0.13.0
29/06/2018 19:24:04 server iniciado 0.13.0
30/06/2018 14:11:36 server iniciado 0.13.0
30/06/2018 14:37:38 server iniciado 0.13.0
30/06/2018 14:38:11 server iniciado 0.13.0
30/06/2018 14:39:38 server iniciado 0.13.0
30/06/2018 15:01:29 server iniciado 0.13.0
30/06/2018 15:02:14 server iniciado 0.13.0
30/06/2018 15:02:49 server iniciado 0.13.0
30/06/2018 15:04:00 server iniciado 0.13.0
30/06/2018 15:04:25 server iniciado 0.13.0
30/06/2018 15:04:55 server iniciado 0.13.0
30/06/2018 15:05:51 server iniciado 0.13.0
30/06/2018 15:06:33 server iniciado 0.13.0
30/06/2018 15:07:04 server iniciado 0.13.0
30/06/2018 15:07:38 server iniciado 0.13.0
30/06/2018 15:08:58 server iniciado 0.13.0
30/06/2018 15:10:10 server iniciado 0.13.0
30/06/2018 15:10:37 server iniciado 0.13.0
30/06/2018 15:11:06 server iniciado 0.13.0
30/06/2018 15:12:15 server iniciado 0.13.0
30/06/2018 15:12:59 server iniciado 0.13.0
30/06/2018 15:13:41 server iniciado 0.13.0
30/06/2018 15:13:59 server iniciado 0.13.0
30/06/2018 15:14:57 server iniciado 0.13.0
30/06/2018 15:15:39 server iniciado 0.13.0
30/06/2018 15:16:22 server iniciado 0.13.0
30/06/2018 15:17:41 server iniciado 0.13.0
30/06/2018 15:18:47 server iniciado 0.13.0
30/06/2018 15:19:09 server iniciado 0.13.0
30/06/2018 15:20:25 server iniciado 0.13.0
30/06/2018 15:27:12 server iniciado 0.13.0
30/06/2018 15:27:23 server iniciado 0.13.0
30/06/2018 15:28:13 server iniciado 0.13.0
30/06/2018 15:28:25 server iniciado 0.13.0
30/06/2018 15:32:04 server iniciado 0.13.0
30/06/2018 15:32:26 server iniciado 0.13.0
30/06/2018 15:32:57 server iniciado 0.13.0
30/06/2018 15:33:16 server iniciado 0.13.0
30/06/2018 15:33:48 server iniciado 0.13.0
30/06/2018 15:45:22 server iniciado 0.13.0
30/06/2018 15:49:37 server iniciado 0.13.0
30/06/2018 15:50:45 server iniciado 0.13.0
30/06/2018 15:53:13 server iniciado 0.13.0
30/06/2018 16:09:11 server iniciado 0.13.0
30/06/2018 16:16:10 server iniciado 0.13.0
30/06/2018 16:17:39 server iniciado 0.13.0
30/06/2018 16:18:49 server iniciado 0.13.0
30/06/2018 16:19:41 server iniciado 0.13.0
30/06/2018 16:19:59 server iniciado 0.13.0
30/06/2018 16:22:53 server iniciado 0.13.0
30/06/2018 16:25:31 server iniciado 0.13.0
30/06/2018 16:27:46 server iniciado 0.13.0
30/06/2018 16:28:47 server iniciado 0.13.0
30/06/2018 16:33:54 server iniciado 0.13.0
30/06/2018 16:35:57 server iniciado 0.13.0
30/06/2018 16:37:16 server iniciado 0.13.0
30/06/2018 16:38:44 server iniciado 0.13.0
30/06/2018 16:42:32 server iniciado 0.13.0
30/06/2018 16:43:54 server iniciado 0.13.0
30/06/2018 16:44:52 server iniciado 0.13.0
30/06/2018 16:45:41 server iniciado 0.13.0
30/06/2018 16:52:47 server iniciado 0.13.0
30/06/2018 16:53:59 server iniciado 0.13.0
30/06/2018 16:54:43 server iniciado 0.13.0
30/06/2018 16:56:10 server iniciado 0.13.0
30/06/2018 16:58:28 server iniciado 0.13.0
30/06/2018 17:00:13 server iniciado 0.13.0
30/06/2018 17:08:01 server iniciado 0.13.0
30/06/2018 17:10:05 server iniciado 0.13.0
30/06/2018 17:12:02 server iniciado 0.13.0
30/06/2018 17:14:52 server iniciado 0.13.0
30/06/2018 17:16:05 server iniciado 0.13.0
30/06/2018 17:17:03 server iniciado 0.13.0
30/06/2018 17:19:43 server iniciado 0.13.0
30/06/2018 17:20:54 server iniciado 0.13.0
30/06/2018 17:22:14 server iniciado 0.13.0
30/06/2018 17:23:14 server iniciado 0.13.0
30/06/2018 17:26:09 server iniciado 0.13.0
30/06/2018 17:26:37 server iniciado 0.13.0
30/06/2018 17:31:19 server iniciado 0.13.0
30/06/2018 17:34:30 server iniciado 0.13.0
30/06/2018 17:44:09 server iniciado 0.13.0
30/06/2018 17:47:49 server iniciado 0.13.0
30/06/2018 17:49:38 server iniciado 0.13.0
30/06/2018 17:58:23 server iniciado 0.13.0
30/06/2018 18:02:04 server iniciado 0.13.0
30/06/2018 18:04:17 server iniciado 0.13.0
30/06/2018 18:11:23 server iniciado 0.13.0
30/06/2018 18:21:30 server iniciado 0.13.0
30/06/2018 18:28:49 server iniciado 0.13.0
30/06/2018 18:44:24 server iniciado 0.13.0
30/06/2018 18:47:20 server iniciado 0.13.0
30/06/2018 18:51:01 server iniciado 0.13.0
30/06/2018 18:55:39 server iniciado 0.13.0
30/06/2018 19:03:44 server iniciado 0.13.0
30/06/2018 19:06:33 server iniciado 0.13.0
30/06/2018 19:08:49 server iniciado 0.13.0
30/06/2018 19:09:31 server iniciado 0.13.0
30/06/2018 19:21:05 server iniciado 0.13.0
30/06/2018 19:26:42 server iniciado 0.13.0
02/07/2018 12:00:24 server iniciado 0.13.0
02/07/2018 15:44:58 server iniciado 0.13.0
02/07/2018 15:55:44 server iniciado 0.13.0
02/07/2018 16:06:25 server iniciado 0.13.0
02/07/2018 16:08:56 server iniciado 0.13.0
02/07/2018 16:12:15 server iniciado 0.13.0
02/07/2018 19:03:17 server iniciado 0.13.0
02/07/2018 19:06:39 server iniciado 0.13.0
02/07/2018 19:36:28 server iniciado 0.13.0
02/07/2018 19:37:25 server iniciado 0.13.0
02/07/2018 19:39:24 server iniciado 0.13.0
02/07/2018 19:39:59 server iniciado 0.13.0
02/07/2018 19:40:33 server iniciado 0.13.0
02/07/2018 19:40:49 server iniciado 0.13.0
02/07/2018 19:41:21 server iniciado 0.13.0
02/07/2018 19:45:02 server iniciado 0.13.0
02/07/2018 19:46:16 server iniciado 0.13.0
02/07/2018 19:47:30 server iniciado 0.13.0
02/07/2018 19:48:31 server iniciado 0.13.0
02/07/2018 19:51:00 server iniciado 0.13.0
02/07/2018 19:51:11 server iniciado 0.13.0
02/07/2018 19:51:49 server iniciado 0.13.0
02/07/2018 19:52:16 server iniciado 0.13.0
03/07/2018 11:57:07 server iniciado 0.13.0
03/07/2018 11:57:22 server iniciado 0.13.0
03/07/2018 11:58:02 server iniciado 0.13.0
03/07/2018 11:58:29 server iniciado 0.13.0
03/07/2018 11:59:20 server iniciado 0.13.0
03/07/2018 12:01:49 server iniciado 0.13.0
03/07/2018 12:02:13 server iniciado 0.13.0
03/07/2018 12:05:40 server iniciado 0.13.0
03/07/2018 12:08:43 server iniciado 0.13.0
03/07/2018 12:29:17 server iniciado 0.13.0
03/07/2018 12:29:52 server iniciado 0.13.0
03/07/2018 15:29:12 server iniciado 0.13.0
03/07/2018 15:35:50 server iniciado 0.13.0
03/07/2018 15:36:49 server iniciado 0.13.0
03/07/2018 15:37:36 server iniciado 0.13.0
03/07/2018 18:53:13 server iniciado 0.13.0
03/07/2018 18:53:52 server iniciado 0.13.0
03/07/2018 19:21:07 server iniciado 0.13.0
03/07/2018 19:25:17 server iniciado 0.13.0
03/07/2018 19:26:09 server iniciado 0.13.0
03/07/2018 19:39:19 server iniciado 0.13.0
03/07/2018 20:00:47 server iniciado 0.13.0
03/07/2018 20:01:14 server iniciado 0.13.0
03/07/2018 20:01:59 server iniciado 0.13.0
03/07/2018 20:06:17 server iniciado 0.13.0
03/07/2018 20:08:19 server iniciado 0.13.0
03/07/2018 20:11:22 server iniciado 0.13.0
03/07/2018 20:13:10 server iniciado 0.13.0
03/07/2018 20:14:33 server iniciado 0.13.0
03/07/2018 20:16:23 server cerrado.
03/07/2018 22:19:09 server iniciado 0.13.0
03/07/2018 22:20:08 server iniciado 0.13.0
03/07/2018 22:21:18 server iniciado 0.13.0
04/07/2018 13:32:21 server iniciado 0.13.0
04/07/2018 13:36:58 server iniciado 0.13.0
04/07/2018 13:37:51 server iniciado 0.13.0
04/07/2018 13:38:47 server iniciado 0.13.0
04/07/2018 13:39:46 server iniciado 0.13.0
04/07/2018 13:40:37 server iniciado 0.13.0
04/07/2018 13:42:23 server iniciado 0.13.0
05/07/2018 15:24:53 server iniciado 0.13.0
05/07/2018 15:25:42 server iniciado 0.13.0
05/07/2018 15:26:55 server iniciado 0.13.0
05/07/2018 15:43:47 server iniciado 0.13.0
05/07/2018 16:01:11 server iniciado 0.13.0
05/07/2018 19:37:24 server iniciado 0.13.0
05/07/2018 19:49:49 server iniciado 0.13.0
05/07/2018 22:22:40 server iniciado 0.13.0
05/07/2018 22:28:51 server iniciado 0.13.0
05/07/2018 22:43:17 server iniciado 0.13.0
05/07/2018 22:44:48 server iniciado 0.13.0
05/07/2018 22:47:58 server iniciado 0.13.0
05/07/2018 23:13:26 server iniciado 0.13.0
05/07/2018 23:16:40 server iniciado 0.13.0
05/07/2018 23:17:44 server iniciado 0.13.0
05/07/2018 23:19:12 server iniciado 0.13.0
06/07/2018 17:39:21 server iniciado 0.13.0
06/07/2018 17:42:53 server iniciado 0.13.0
06/07/2018 17:44:54 server iniciado 0.13.0
06/07/2018 17:47:15 server iniciado 0.13.0
06/07/2018 17:48:46 server iniciado 0.13.0
06/07/2018 18:24:16 server iniciado 0.13.0
06/07/2018 18:26:30 server iniciado 0.13.0
06/07/2018 18:28:54 server iniciado 0.13.0
06/07/2018 18:32:14 server iniciado 0.13.0
06/07/2018 18:34:59 server iniciado 0.13.0
06/07/2018 18:36:23 server iniciado 0.13.0
06/07/2018 18:37:25 server iniciado 0.13.0
06/07/2018 18:38:46 server iniciado 0.13.0
06/07/2018 18:39:49 server iniciado 0.13.0
06/07/2018 18:41:56 server iniciado 0.13.0
06/07/2018 18:42:43 server iniciado 0.13.0
07/07/2018 14:03:18 server iniciado 0.13.0
07/07/2018 14:06:05 server iniciado 0.13.0
07/07/2018 14:07:29 server iniciado 0.13.0
07/07/2018 14:09:01 server iniciado 0.13.0
07/07/2018 14:09:54 server iniciado 0.13.0
07/07/2018 14:11:01 server iniciado 0.13.0
07/07/2018 14:12:14 server iniciado 0.13.0
07/07/2018 14:15:22 server iniciado 0.13.0
07/07/2018 14:16:18 server iniciado 0.13.0
07/07/2018 14:19:55 server iniciado 0.13.0
07/07/2018 14:35:27 server iniciado 0.13.0
07/07/2018 14:46:18 server iniciado 0.13.0
07/07/2018 14:47:25 server iniciado 0.13.0
07/07/2018 14:50:00 server iniciado 0.13.0
07/07/2018 14:51:04 server iniciado 0.13.0
07/07/2018 14:52:03 server iniciado 0.13.0
07/07/2018 14:54:08 server iniciado 0.13.0
07/07/2018 14:55:13 server iniciado 0.13.0
07/07/2018 15:00:37 server iniciado 0.13.0
07/07/2018 15:03:34 server iniciado 0.13.0
07/07/2018 15:08:28 server iniciado 0.13.0
07/07/2018 15:12:14 server iniciado 0.13.0
07/07/2018 15:15:00 server iniciado 0.13.0
07/07/2018 15:16:10 server iniciado 0.13.0
07/07/2018 15:19:12 server iniciado 0.13.0
07/07/2018 15:25:13 server iniciado 0.13.0
07/07/2018 16:44:52 server iniciado 0.13.0
07/07/2018 16:46:01 server iniciado 0.13.0
07/07/2018 16:46:58 server iniciado 0.13.0
07/07/2018 16:48:23 server iniciado 0.13.0
07/07/2018 16:49:38 server iniciado 0.13.0
07/07/2018 16:52:39 server iniciado 0.13.0
07/07/2018 16:54:24 server iniciado 0.13.0
07/07/2018 17:09:26 server iniciado 0.13.0
07/07/2018 17:22:20 server iniciado 0.13.0
07/07/2018 17:26:57 server iniciado 0.13.0
07/07/2018 17:30:00 server iniciado 0.13.0
08/07/2018 12:51:21 server iniciado 0.13.0
08/07/2018 12:56:34 server iniciado 0.13.0
08/07/2018 12:59:36 server iniciado 0.13.0
08/07/2018 13:25:38 server iniciado 0.13.0
08/07/2018 13:35:38 server iniciado 0.13.0
08/07/2018 13:42:32 server iniciado 0.13.0
08/07/2018 13:45:38 server iniciado 0.13.0
08/07/2018 13:47:40 server iniciado 0.13.0
08/07/2018 13:50:07 server iniciado 0.13.0
08/07/2018 13:51:45 server iniciado 0.13.0
08/07/2018 13:55:39 server iniciado 0.13.0
08/07/2018 13:57:20 server iniciado 0.13.0
08/07/2018 14:06:48 server iniciado 0.13.0
08/07/2018 14:08:19 server iniciado 0.13.0
08/07/2018 14:10:25 server iniciado 0.13.0
08/07/2018 14:12:09 server iniciado 0.13.0
08/07/2018 14:13:47 server iniciado 0.13.0
08/07/2018 14:16:44 server iniciado 0.13.0
08/07/2018 14:18:50 server iniciado 0.13.0
08/07/2018 14:23:00 server iniciado 0.13.0
08/07/2018 14:24:41 server iniciado 0.13.0
08/07/2018 14:33:38 server iniciado 0.13.0
08/07/2018 14:36:10 server iniciado 0.13.0
08/07/2018 14:37:51 server iniciado 0.13.0
08/07/2018 14:39:49 server iniciado 0.13.0
08/07/2018 14:41:39 server iniciado 0.13.0
08/07/2018 14:43:35 server iniciado 0.13.0
08/07/2018 14:47:50 server iniciado 0.13.0
08/07/2018 14:52:26 server iniciado 0.13.0
08/07/2018 14:58:35 server iniciado 0.13.0
08/07/2018 15:05:05 server iniciado 0.13.0
08/07/2018 15:53:24 server iniciado 0.13.0
08/07/2018 16:16:29 server iniciado 0.13.0
09/07/2018 13:53:34 server iniciado 0.13.0
09/07/2018 13:54:59 server iniciado 0.13.0
10/07/2018 14:48:11 server iniciado 0.13.0
10/07/2018 22:31:17 server iniciado 0.13.0
12/07/2018 15:31:44 server iniciado 0.13.0
12/07/2018 15:55:00 server iniciado 0.13.0
13/07/2018 11:23:51 server iniciado 0.13.0
13/07/2018 11:29:49 server iniciado 0.13.0
13/07/2018 11:33:16 server iniciado 0.13.0
13/07/2018 11:35:44 server iniciado 0.13.0
13/07/2018 11:43:50 server iniciado 0.13.0
13/07/2018 11:44:58 server iniciado 0.13.0
13/07/2018 11:46:17 server iniciado 0.13.0
13/07/2018 11:46:29 server iniciado 0.13.0
13/07/2018 11:47:50 server iniciado 0.13.0
13/07/2018 11:48:19 server iniciado 0.13.0
13/07/2018 11:51:06 server iniciado 0.13.0
13/07/2018 11:51:18 server iniciado 0.13.0
13/07/2018 11:52:01 server iniciado 0.13.0
13/07/2018 11:52:11 server iniciado 0.13.0
13/07/2018 11:53:45 server iniciado 0.13.0
13/07/2018 11:53:54 server iniciado 0.13.0
13/07/2018 11:55:04 server iniciado 0.13.0
13/07/2018 11:55:08 server iniciado 0.13.0
13/07/2018 11:55:47 server iniciado 0.13.0
13/07/2018 11:55:53 server iniciado 0.13.0
13/07/2018 11:56:11 server iniciado 0.13.0
13/07/2018 11:56:27 server iniciado 0.13.0
13/07/2018 11:57:56 server iniciado 0.13.0
13/07/2018 12:00:19 server iniciado 0.13.0
13/07/2018 12:01:02 server iniciado 0.13.0
13/07/2018 12:06:36 server iniciado 0.13.0
13/07/2018 12:06:58 server iniciado 0.13.0
13/07/2018 12:07:14 server iniciado 0.13.0
13/07/2018 12:19:36 server iniciado 0.13.0
13/07/2018 12:20:47 server iniciado 0.13.0
13/07/2018 12:20:54 server iniciado 0.13.0
13/07/2018 12:21:22 server iniciado 0.13.0
13/07/2018 12:22:54 server iniciado 0.13.0
13/07/2018 12:23:06 server iniciado 0.13.0
13/07/2018 12:25:06 server iniciado 0.13.0
13/07/2018 12:26:13 server iniciado 0.13.0
13/07/2018 12:26:25 server iniciado 0.13.0
13/07/2018 12:26:34 server iniciado 0.13.0
13/07/2018 12:26:58 server iniciado 0.13.0
13/07/2018 12:27:11 server iniciado 0.13.0
13/07/2018 12:27:41 server iniciado 0.13.0
13/07/2018 12:27:58 server iniciado 0.13.0
13/07/2018 12:28:36 server iniciado 0.13.0
13/07/2018 12:29:01 server iniciado 0.13.0
13/07/2018 12:30:44 server iniciado 0.13.0
13/07/2018 12:31:12 server iniciado 0.13.0
13/07/2018 12:31:56 server iniciado 0.13.0
13/07/2018 18:43:28 server iniciado 0.13.0
13/07/2018 18:43:51 server iniciado 0.13.0
13/07/2018 18:44:25 server iniciado 0.13.0
13/07/2018 18:44:53 server iniciado 0.13.0
13/07/2018 19:03:56 server iniciado 0.13.0
14/07/2018 10:34:42 server iniciado 0.13.0
14/07/2018 10:35:18 server iniciado 0.13.0
14/07/2018 10:39:19 server iniciado 0.13.0
14/07/2018 10:47:53 server iniciado 0.13.0
14/07/2018 11:15:35 server iniciado 0.13.0
14/07/2018 11:25:46 server iniciado 0.13.0
14/07/2018 11:39:44 server iniciado 0.13.0
14/07/2018 11:43:26 server iniciado 0.13.0
14/07/2018 11:44:29 server iniciado 0.13.0
14/07/2018 11:47:30 server iniciado 0.13.0
14/07/2018 11:48:41 server iniciado 0.13.0
14/07/2018 11:52:24 server iniciado 0.13.0
14/07/2018 11:54:20 server iniciado 0.13.0
14/07/2018 11:58:06 server iniciado 0.13.0
14/07/2018 12:02:14 server iniciado 0.13.0
14/07/2018 12:03:48 server iniciado 0.13.0
14/07/2018 12:10:27 server iniciado 0.13.0
14/07/2018 12:13:05 server iniciado 0.13.0
16/07/2018 1:25:33 server iniciado 0.13.0
16/07/2018 1:29:39 server iniciado 0.13.0
17/07/2018 16:40:22 server iniciado 0.13.0
17/07/2018 16:48:22 server iniciado 0.13.0
17/07/2018 16:53:28 server iniciado 0.13.0
17/07/2018 17:06:07 server iniciado 0.13.0
17/07/2018 17:07:23 server iniciado 0.13.0
17/07/2018 17:18:26 server iniciado 0.13.0
17/07/2018 17:19:06 server iniciado 0.13.0
18/07/2018 11:55:57 server iniciado 0.13.0
18/07/2018 15:46:15 server iniciado 0.13.0
18/07/2018 15:47:03 server iniciado 0.13.0
18/07/2018 15:48:06 server iniciado 0.13.0
18/07/2018 15:48:36 server iniciado 0.13.0
18/07/2018 15:48:58 server iniciado 0.13.0
18/07/2018 15:49:15 server iniciado 0.13.0
18/07/2018 15:49:34 server iniciado 0.13.0
18/07/2018 15:50:10 server iniciado 0.13.0
18/07/2018 15:50:33 server iniciado 0.13.0
18/07/2018 15:50:55 server iniciado 0.13.0
18/07/2018 16:21:00 server iniciado 0.13.0
18/07/2018 16:22:46 server iniciado 0.13.0
18/07/2018 16:25:13 server iniciado 0.13.0
18/07/2018 16:25:51 server iniciado 0.13.0
18/07/2018 16:31:06 server iniciado 0.13.0
18/07/2018 16:33:09 server iniciado 0.13.0
18/07/2018 16:34:00 server iniciado 0.13.0
18/07/2018 16:34:42 server iniciado 0.13.0
18/07/2018 16:35:37 server iniciado 0.13.0
18/07/2018 16:36:25 server iniciado 0.13.0
18/07/2018 16:36:45 server iniciado 0.13.0
18/07/2018 16:37:44 server iniciado 0.13.0
18/07/2018 16:38:09 server iniciado 0.13.0
18/07/2018 16:38:28 server iniciado 0.13.0
18/07/2018 16:45:20 server iniciado 0.13.0
18/07/2018 16:45:47 server iniciado 0.13.0
18/07/2018 16:46:05 server iniciado 0.13.0
18/07/2018 16:46:30 server iniciado 0.13.0
18/07/2018 16:47:22 server iniciado 0.13.0
18/07/2018 16:49:11 server iniciado 0.13.0
18/07/2018 16:49:55 server iniciado 0.13.0
18/07/2018 16:51:50 server iniciado 0.13.0
18/07/2018 16:52:34 server iniciado 0.13.0
18/07/2018 16:57:07 server iniciado 0.13.0
18/07/2018 16:59:02 server iniciado 0.13.0
18/07/2018 16:59:22 server iniciado 0.13.0
18/07/2018 16:59:44 server iniciado 0.13.0
18/07/2018 17:00:32 server iniciado 0.13.0
18/07/2018 17:01:30 server iniciado 0.13.0
18/07/2018 17:03:57 server iniciado 0.13.0
18/07/2018 17:04:27 server iniciado 0.13.0
18/07/2018 17:08:02 server iniciado 0.13.0
18/07/2018 17:09:01 server iniciado 0.13.0
18/07/2018 17:10:09 server iniciado 0.13.0
18/07/2018 17:10:37 server iniciado 0.13.0
18/07/2018 17:12:42 server iniciado 0.13.0
18/07/2018 17:16:17 server iniciado 0.13.0
18/07/2018 17:17:40 server iniciado 0.13.0
18/07/2018 17:18:22 server iniciado 0.13.0
18/07/2018 17:20:37 server iniciado 0.13.0
18/07/2018 17:20:52 server iniciado 0.13.0
18/07/2018 17:22:43 server iniciado 0.13.0
18/07/2018 17:24:16 server iniciado 0.13.0
18/07/2018 17:24:51 server iniciado 0.13.0
18/07/2018 17:26:31 server iniciado 0.13.0
18/07/2018 17:26:53 server iniciado 0.13.0
18/07/2018 17:31:58 server iniciado 0.13.0
18/07/2018 17:32:51 server iniciado 0.13.0
18/07/2018 17:33:36 server iniciado 0.13.0
18/07/2018 17:34:06 server iniciado 0.13.0
18/07/2018 17:44:59 server iniciado 0.13.0
18/07/2018 17:45:24 server iniciado 0.13.0
18/07/2018 17:47:08 server iniciado 0.13.0
18/07/2018 19:20:05 server iniciado 0.13.0
18/07/2018 19:21:49 server iniciado 0.13.0
18/07/2018 19:22:18 server iniciado 0.13.0
18/07/2018 19:22:37 server iniciado 0.13.0
18/07/2018 19:23:41 server iniciado 0.13.0
18/07/2018 19:24:39 server iniciado 0.13.0
18/07/2018 19:25:27 server iniciado 0.13.0
18/07/2018 19:26:13 server iniciado 0.13.0
18/07/2018 19:26:34 server iniciado 0.13.0
18/07/2018 19:30:15 server iniciado 0.13.0
18/07/2018 19:38:03 server iniciado 0.13.0
18/07/2018 19:38:22 server iniciado 0.13.0
18/07/2018 19:40:10 server iniciado 0.13.0
18/07/2018 19:42:57 server iniciado 0.13.0
18/07/2018 19:44:01 server iniciado 0.13.0
18/07/2018 19:44:33 server iniciado 0.13.0
18/07/2018 19:45:03 server iniciado 0.13.0
18/07/2018 19:45:18 server iniciado 0.13.0
18/07/2018 20:09:53 server iniciado 0.13.0
18/07/2018 20:10:43 server iniciado 0.13.0
18/07/2018 20:11:19 server iniciado 0.13.0
18/07/2018 20:11:42 server iniciado 0.13.0
18/07/2018 20:14:30 server iniciado 0.13.0
18/07/2018 20:19:44 server iniciado 0.13.0
18/07/2018 20:20:02 server iniciado 0.13.0
18/07/2018 20:20:33 server iniciado 0.13.0
18/07/2018 20:21:00 server iniciado 0.13.0
18/07/2018 20:21:31 server iniciado 0.13.0
18/07/2018 20:21:44 server iniciado 0.13.0
18/07/2018 20:22:05 server iniciado 0.13.0
18/07/2018 20:22:33 server iniciado 0.13.0
18/07/2018 20:22:57 server iniciado 0.13.0
18/07/2018 20:23:45 server iniciado 0.13.0
18/07/2018 20:24:16 server iniciado 0.13.0
18/07/2018 20:24:57 server iniciado 0.13.0
18/07/2018 20:25:41 server iniciado 0.13.0
18/07/2018 20:26:23 server iniciado 0.13.0
18/07/2018 20:29:05 server iniciado 0.13.0
18/07/2018 20:32:00 server iniciado 0.13.0
18/07/2018 20:32:48 server iniciado 0.13.0
18/07/2018 20:32:56 server iniciado 0.13.0
18/07/2018 20:35:20 server iniciado 0.13.0
18/07/2018 20:36:03 server iniciado 0.13.0
18/07/2018 20:36:13 server iniciado 0.13.0
18/07/2018 20:37:03 server iniciado 0.13.0
18/07/2018 20:46:37 server iniciado 0.13.0
18/07/2018 20:47:22 server iniciado 0.13.0
18/07/2018 20:49:19 server iniciado 0.13.0
18/07/2018 20:50:33 server iniciado 0.13.0
18/07/2018 20:51:22 server iniciado 0.13.0
18/07/2018 20:53:10 server iniciado 0.13.0
18/07/2018 20:53:42 server iniciado 0.13.0
18/07/2018 20:54:36 server iniciado 0.13.0
18/07/2018 20:56:44 server iniciado 0.13.0
18/07/2018 20:57:37 server iniciado 0.13.0
18/07/2018 20:58:31 server iniciado 0.13.0
18/07/2018 20:58:40 server iniciado 0.13.0
18/07/2018 21:03:43 server iniciado 0.13.0
18/07/2018 21:03:56 server iniciado 0.13.0
18/07/2018 21:05:07 server iniciado 0.13.0
18/07/2018 21:07:07 server iniciado 0.13.0
18/07/2018 21:08:31 server iniciado 0.13.0
18/07/2018 21:08:40 server iniciado 0.13.0
18/07/2018 21:09:07 server iniciado 0.13.0
18/07/2018 21:09:55 server iniciado 0.13.0
18/07/2018 21:10:06 server iniciado 0.13.0
18/07/2018 21:11:56 server iniciado 0.13.0
18/07/2018 21:13:18 server iniciado 0.13.0
18/07/2018 21:13:44 server iniciado 0.13.0
18/07/2018 21:15:01 server iniciado 0.13.0
18/07/2018 21:15:24 server iniciado 0.13.0
18/07/2018 21:17:45 server iniciado 0.13.0
18/07/2018 21:18:00 server iniciado 0.13.0
18/07/2018 21:18:35 server iniciado 0.13.0
18/07/2018 21:42:27 server iniciado 0.13.0
18/07/2018 21:47:47 server iniciado 0.13.0
18/07/2018 21:48:34 server iniciado 0.13.0
18/07/2018 21:52:20 server iniciado 0.13.0
18/07/2018 21:53:36 server iniciado 0.13.0
18/07/2018 21:53:49 server iniciado 0.13.0
18/07/2018 21:54:21 server iniciado 0.13.0
18/07/2018 21:54:32 server iniciado 0.13.0
18/07/2018 21:56:31 server iniciado 0.13.0
18/07/2018 21:57:07 server iniciado 0.13.0
18/07/2018 21:57:25 server iniciado 0.13.0
18/07/2018 21:57:44 server iniciado 0.13.0
18/07/2018 21:59:00 server iniciado 0.13.0
18/07/2018 21:59:53 server iniciado 0.13.0
18/07/2018 22:00:23 server iniciado 0.13.0
18/07/2018 22:02:36 server iniciado 0.13.0
18/07/2018 22:03:04 server iniciado 0.13.0
18/07/2018 22:03:34 server iniciado 0.13.0
18/07/2018 22:05:13 server iniciado 0.13.0
18/07/2018 22:05:39 server iniciado 0.13.0
18/07/2018 22:07:47 server iniciado 0.13.0
18/07/2018 22:09:48 server iniciado 0.13.0
18/07/2018 22:10:01 server iniciado 0.13.0
18/07/2018 22:10:42 server iniciado 0.13.0
18/07/2018 22:11:57 server iniciado 0.13.0
18/07/2018 22:12:12 server iniciado 0.13.0
18/07/2018 22:12:32 server iniciado 0.13.0
18/07/2018 22:15:30 server iniciado 0.13.0
18/07/2018 22:15:39 server iniciado 0.13.0
18/07/2018 22:15:55 server iniciado 0.13.0
18/07/2018 22:16:57 server iniciado 0.13.0
18/07/2018 22:17:08 server iniciado 0.13.0
18/07/2018 22:19:20 server iniciado 0.13.0
18/07/2018 22:19:28 server iniciado 0.13.0
18/07/2018 22:19:39 server iniciado 0.13.0
18/07/2018 22:19:57 server iniciado 0.13.0
18/07/2018 22:20:06 server iniciado 0.13.0
18/07/2018 22:21:26 server iniciado 0.13.0
18/07/2018 22:22:56 server iniciado 0.13.0
18/07/2018 22:23:14 server iniciado 0.13.0
18/07/2018 22:25:29 server iniciado 0.13.0
18/07/2018 22:25:38 server iniciado 0.13.0
18/07/2018 22:25:58 server iniciado 0.13.0
18/07/2018 22:26:16 server iniciado 0.13.0
18/07/2018 22:33:44 server iniciado 0.13.0
18/07/2018 22:34:02 server iniciado 0.13.0
18/07/2018 22:34:32 server iniciado 0.13.0
18/07/2018 22:34:45 server iniciado 0.13.0
18/07/2018 22:35:41 server iniciado 0.13.0
18/07/2018 22:35:52 server iniciado 0.13.0
18/07/2018 22:36:02 server iniciado 0.13.0
18/07/2018 22:37:54 server iniciado 0.13.0
18/07/2018 22:39:39 server iniciado 0.13.0
18/07/2018 22:41:35 server iniciado 0.13.0
18/07/2018 22:41:55 server iniciado 0.13.0
18/07/2018 22:42:22 server iniciado 0.13.0
18/07/2018 22:54:18 server iniciado 0.13.0
18/07/2018 22:55:46 server iniciado 0.13.0
18/07/2018 22:57:02 server iniciado 0.13.0
18/07/2018 22:57:29 server iniciado 0.13.0
18/07/2018 22:57:50 server iniciado 0.13.0
18/07/2018 22:58:26 server iniciado 0.13.0
18/07/2018 22:58:44 server iniciado 0.13.0
18/07/2018 22:59:11 server iniciado 0.13.0
18/07/2018 23:00:09 server iniciado 0.13.0
18/07/2018 23:01:10 server iniciado 0.13.0
18/07/2018 23:03:22 server iniciado 0.13.0
18/07/2018 23:05:13 server iniciado 0.13.0
18/07/2018 23:05:49 server iniciado 0.13.0
18/07/2018 23:08:36 server iniciado 0.13.0
18/07/2018 23:12:21 server iniciado 0.13.0
18/07/2018 23:12:57 server iniciado 0.13.0
18/07/2018 23:13:36 server iniciado 0.13.0
18/07/2018 23:15:34 server iniciado 0.13.0
18/07/2018 23:16:27 server iniciado 0.13.0
18/07/2018 23:16:56 server iniciado 0.13.0
18/07/2018 23:18:12 server iniciado 0.13.0
18/07/2018 23:18:35 server iniciado 0.13.0
18/07/2018 23:19:18 server iniciado 0.13.0
18/07/2018 23:19:59 server iniciado 0.13.0
18/07/2018 23:20:42 server iniciado 0.13.0
18/07/2018 23:21:17 server iniciado 0.13.0
18/07/2018 23:21:33 server iniciado 0.13.0
18/07/2018 23:21:55 server iniciado 0.13.0
18/07/2018 23:23:20 server iniciado 0.13.0
19/07/2018 0:35:30 server iniciado 0.13.0
19/07/2018 0:36:02 server iniciado 0.13.0
19/07/2018 0:36:39 server iniciado 0.13.0
19/07/2018 0:37:43 server iniciado 0.13.0
19/07/2018 0:37:56 server iniciado 0.13.0
19/07/2018 0:40:00 server iniciado 0.13.0
19/07/2018 0:40:18 server iniciado 0.13.0
19/07/2018 0:40:37 server iniciado 0.13.0
19/07/2018 0:47:34 server iniciado 0.13.0
19/07/2018 0:51:18 server iniciado 0.13.0
19/07/2018 0:52:05 server iniciado 0.13.0
19/07/2018 0:52:55 server iniciado 0.13.0
19/07/2018 0:53:34 server iniciado 0.13.0
19/07/2018 0:54:19 server iniciado 0.13.0
19/07/2018 0:57:20 server iniciado 0.13.0
19/07/2018 0:59:26 server iniciado 0.13.0
19/07/2018 1:05:38 server iniciado 0.13.0
19/07/2018 1:08:09 server iniciado 0.13.0
19/07/2018 1:41:56 server iniciado 0.13.0
30/07/2018 13:16:29 server iniciado 0.13.0
11/10/2018 16:52:15 server iniciado 0.13.0
11/10/2018 16:52:33 server iniciado 0.13.0
11/10/2018 16:53:13 server iniciado 0.13.0
18/1/2019 17:41:54 server iniciado 0.13.0
7/2/2019 16:36:35 server iniciado 0.13.0
7/2/2019 16:41:55 server iniciado 0.13.0
7/2/2019 16:46:41 server iniciado 0.13.0
7/2/2019 16:50:20 server iniciado 0.13.0
7/2/2019 16:50:39 server iniciado 0.13.0
7/2/2019 16:52:06 server iniciado 0.13.0
9/2/2019 18:47:17 server iniciado 0.13.0
9/2/2019 18:51:58 server iniciado 0.13.0
9/2/2019 19:40:47 server iniciado 0.13.0
9/2/2019 19:41:39 server iniciado 0.13.0
9/2/2019 19:42:05 server iniciado 0.13.0
9/2/2019 19:42:47 server iniciado 0.13.0
9/2/2019 19:44:50 server iniciado 0.13.0
9/2/2019 19:45:25 server iniciado 0.13.0
9/2/2019 19:52:26 server iniciado 0.13.0
9/2/2019 19:53:06 server iniciado 0.13.0
9/2/2019 19:54:20 server iniciado 0.13.0
9/2/2019 19:56:40 server iniciado 0.13.0
9/2/2019 19:57:16 server iniciado 0.13.0
9/2/2019 20:04:47 server iniciado 0.13.0
9/2/2019 20:05:40 server iniciado 0.13.0
9/2/2019 20:13:26 server iniciado 0.13.0
9/2/2019 21:13:16 server iniciado 0.13.0
9/2/2019 21:13:59 server iniciado 0.13.0
9/2/2019 21:14:53 server iniciado 0.13.0
9/2/2019 21:15:36 server iniciado 0.13.0
9/2/2019 21:16:09 server iniciado 0.13.0
9/2/2019 21:16:54 server iniciado 0.13.0
9/2/2019 21:18:12 server iniciado 0.13.0
9/2/2019 21:19:40 server iniciado 0.13.0
9/2/2019 21:20:14 server iniciado 0.13.0
9/2/2019 21:20:51 server iniciado 0.13.0
9/2/2019 21:21:20 server iniciado 0.13.0
9/2/2019 21:23:11 server iniciado 0.13.0
9/2/2019 21:24:12 server iniciado 0.13.0
9/2/2019 21:25:38 server iniciado 0.13.0
9/2/2019 21:25:57 server iniciado 0.13.0
9/2/2019 21:26:19 server iniciado 0.13.0
9/2/2019 21:26:34 server iniciado 0.13.0
9/2/2019 21:27:48 server iniciado 0.13.0
9/2/2019 21:29:32 server iniciado 0.13.0
9/2/2019 21:29:49 server cerrado.
9/2/2019 21:30:06 server iniciado 0.13.0
9/2/2019 21:30:39 server cerrado.
9/2/2019 21:30:50 server iniciado 0.13.0
9/2/2019 21:31:14 server cerrado.
9/2/2019 21:31:25 server iniciado 0.13.0
9/2/2019 21:31:57 server cerrado.
9/2/2019 21:32:16 server iniciado 0.13.0
9/2/2019 21:32:31 server cerrado.
9/2/2019 21:32:44 server iniciado 0.13.0
9/2/2019 21:33:01 server cerrado.
9/2/2019 21:33:47 server iniciado 0.13.0
9/2/2019 21:36:07 server iniciado 0.13.0
9/2/2019 21:36:24 server iniciado 0.13.0
9/2/2019 21:36:59 server cerrado.
10/2/2019 00:17:37 server iniciado 0.13.0
10/2/2019 00:20:05 server iniciado 0.13.0
10/2/2019 00:20:56 server cerrado.
10/2/2019 00:21:10 server iniciado 0.13.0
10/2/2019 00:24:53 server iniciado 0.13.0
10/2/2019 03:46:36 server iniciado 0.13.0
10/2/2019 03:47:11 server iniciado 0.13.0
10/2/2019 03:47:24 server iniciado 0.13.0
10/2/2019 03:52:05 server iniciado 0.13.0
10/2/2019 03:52:17 server cerrado.
10/2/2019 03:53:17 server iniciado 0.13.0
10/2/2019 03:53:54 server iniciado 0.13.0
10/2/2019 03:54:24 server iniciado 0.13.0
10/2/2019 03:54:43 server cerrado.
10/2/2019 03:54:47 server iniciado 0.13.0
10/2/2019 03:54:56 server iniciado 0.13.0
10/2/2019 03:55:50 server iniciado 0.13.0
10/2/2019 03:56:54 server iniciado 0.13.0
10/2/2019 04:01:51 server iniciado 0.13.0
10/2/2019 04:02:08 server iniciado 0.13.0
10/2/2019 04:03:15 server iniciado 0.13.0
10/2/2019 04:03:18 server cerrado.
10/2/2019 04:03:25 server iniciado 0.13.0
10/2/2019 04:05:11 server iniciado 0.13.0
10/2/2019 04:05:20 server cerrado.
10/2/2019 04:05:36 server iniciado 0.13.0
10/2/2019 04:06:30 server iniciado 0.13.0
10/2/2019 04:06:34 server cerrado.
10/2/2019 04:06:49 server iniciado 0.13.0
10/2/2019 04:13:39 server iniciado 0.13.0
10/2/2019 04:13:51 server iniciado 0.13.0
10/2/2019 04:14:07 server iniciado 0.13.0
10/2/2019 04:14:30 server iniciado 0.13.0
10/2/2019 04:16:10 server iniciado 0.13.0
10/2/2019 04:17:18 server iniciado 0.13.0
10/2/2019 04:17:51 server iniciado 0.13.0
10/2/2019 04:20:01 server iniciado 0.13.0
10/2/2019 04:23:39 server iniciado 0.13.0
10/2/2019 04:23:55 server iniciado 0.13.0
10/2/2019 04:24:24 server iniciado 0.13.0
10/2/2019 04:24:46 server iniciado 0.13.0
10/2/2019 04:30:34 server iniciado 0.13.0
10/2/2019 04:33:01 server iniciado 0.13.0
10/2/2019 04:33:13 server iniciado 0.13.0
10/2/2019 04:33:57 server iniciado 0.13.0
10/2/2019 04:34:42 server iniciado 0.13.0
10/2/2019 04:35:43 server iniciado 0.13.0
10/2/2019 04:36:50 server iniciado 0.13.0
10/2/2019 04:37:14 server iniciado 0.13.0
10/2/2019 04:37:24 server iniciado 0.13.0
10/2/2019 04:37:56 server iniciado 0.13.0
10/2/2019 04:38:06 server iniciado 0.13.0
10/2/2019 04:39:46 server iniciado 0.13.0
10/2/2019 04:39:55 server iniciado 0.13.0
10/2/2019 04:41:07 server iniciado 0.13.0
10/2/2019 04:41:16 server iniciado 0.13.0
10/2/2019 04:42:16 server iniciado 0.13.0
10/2/2019 04:42:24 server iniciado 0.13.0
10/2/2019 04:43:06 server iniciado 0.13.0
10/2/2019 04:43:56 server iniciado 0.13.0
10/2/2019 04:44:07 server iniciado 0.13.0
10/2/2019 04:45:48 server iniciado 0.13.0
10/2/2019 04:46:47 server iniciado 0.13.0
10/2/2019 04:47:26 server iniciado 0.13.0
10/2/2019 04:47:50 server iniciado 0.13.0
10/2/2019 04:48:35 server iniciado 0.13.0
10/2/2019 04:48:52 server iniciado 0.13.0
10/2/2019 04:49:10 server iniciado 0.13.0
10/2/2019 04:51:15 server iniciado 0.13.0
10/2/2019 04:51:21 server iniciado 0.13.0
10/2/2019 04:56:35 server iniciado 0.13.0
10/2/2019 04:57:19 server iniciado 0.13.0
10/2/2019 04:58:02 server iniciado 0.13.0
10/2/2019 05:47:44 server iniciado 0.13.0
10/2/2019 05:47:57 server cerrado.
10/2/2019 05:51:20 server iniciado 0.13.0
10/2/2019 06:04:57 server iniciado 0.13.0
10/2/2019 06:16:55 server iniciado 0.13.0
10/2/2019 06:18:22 server iniciado 0.13.0
10/2/2019 12:56:10 server iniciado 0.13.0
10/2/2019 13:03:00 server iniciado 0.13.0
10/2/2019 13:03:20 server cerrado.
10/2/2019 16:30:33 server iniciado 0.13.0
10/2/2019 16:42:25 server iniciado 0.13.0
10/2/2019 16:44:43 server iniciado 0.13.0
10/2/2019 16:46:02 server iniciado 0.13.0
10/2/2019 16:50:35 server iniciado 0.13.0
11/2/2019 15:31:00 server iniciado 0.13.0
12/2/2019 18:37:37 server iniciado 0.13.0
12/2/2019 18:39:01 server iniciado 0.13.0
12/2/2019 19:03:23 server iniciado 0.13.0
13/2/2019 01:47:06 server iniciado 0.13.0
13/2/2019 01:48:24 server iniciado 0.13.0
13/2/2019 01:52:44 server iniciado 0.13.0
13/2/2019 02:31:27 server iniciado 0.13.0
13/2/2019 02:33:24 server iniciado 0.13.0
13/2/2019 02:44:48 server iniciado 0.13.0
13/2/2019 02:53:52 server iniciado 0.13.0
13/2/2019 02:59:35 server iniciado 0.13.0
13/2/2019 03:03:41 server iniciado 0.13.0
13/2/2019 03:10:25 server iniciado 0.13.0
13/2/2019 03:15:12 server iniciado 0.13.0
13/2/2019 03:20:40 server iniciado 0.13.0
13/2/2019 03:26:09 server iniciado 0.13.0
13/2/2019 21:14:31 server iniciado 0.13.0
13/2/2019 21:18:42 server iniciado 0.13.0
13/2/2019 21:23:10 server iniciado 0.13.0
13/2/2019 21:25:41 server iniciado 0.13.0
13/2/2019 21:54:00 server iniciado 0.13.0
13/2/2019 22:01:40 server iniciado 0.13.0
13/2/2019 22:05:31 server iniciado 0.13.0
13/2/2019 22:09:44 server iniciado 0.13.0
13/2/2019 22:12:40 server iniciado 0.13.0
13/2/2019 22:24:20 server iniciado 0.13.0
13/2/2019 22:27:03 server iniciado 0.13.0
13/2/2019 22:31:03 server iniciado 0.13.0
13/2/2019 22:32:46 server iniciado 0.13.0
13/2/2019 22:35:27 server iniciado 0.13.0
13/2/2019 22:37:35 server iniciado 0.13.0
13/2/2019 22:46:27 server iniciado 0.13.0
13/2/2019 22:59:25 server iniciado 0.13.0
13/2/2019 23:03:35 server iniciado 0.13.0
13/2/2019 23:06:26 server iniciado 0.13.0
13/2/2019 23:08:20 server iniciado 0.13.0
13/2/2019 23:12:27 server iniciado 0.13.0
13/2/2019 23:16:42 server iniciado 0.13.0
13/2/2019 23:20:24 server iniciado 0.13.0
13/2/2019 23:23:36 server iniciado 0.13.0
13/2/2019 23:26:21 server iniciado 0.13.0
13/2/2019 23:27:16 server iniciado 0.13.0
13/2/2019 23:32:42 server iniciado 0.13.0
13/2/2019 23:34:37 server iniciado 0.13.0
13/2/2019 23:38:11 server iniciado 0.13.0
13/2/2019 23:39:57 server iniciado 0.13.0
13/2/2019 23:42:36 server iniciado 0.13.0
13/2/2019 23:44:08 server iniciado 0.13.0
13/2/2019 23:47:04 server iniciado 0.13.0
13/2/2019 23:52:26 server iniciado 0.13.0
13/2/2019 23:55:02 server iniciado 0.13.0
13/2/2019 23:56:25 server iniciado 0.13.0
14/2/2019 00:06:51 server iniciado 0.13.0
14/2/2019 00:11:03 server iniciado 0.13.0
14/2/2019 00:13:14 server iniciado 0.13.0
14/2/2019 00:17:37 server iniciado 0.13.0
14/2/2019 00:18:51 server iniciado 0.13.0
14/2/2019 00:22:46 server iniciado 0.13.0
14/2/2019 00:25:00 server iniciado 0.13.0
02/10/2021 10:21:08 server iniciado 0.13.0
02/10/2021 10:24:19 server iniciado 0.13.0
02/10/2021 10:52:30 server iniciado 0.13.0
02/10/2021 10:55:29 server iniciado 0.13.0
