09/12/2013 12:55:22 p.m. Se conecto con ip:127.0.0.1
09/12/2013 12:55:27 p.m. /INVISIBLE
09/12/2013 12:55:28 p.m. Transportó a SHAK hacia Mapa73 X:25 Y:71
09/12/2013 12:55:28 p.m. Transportó a SHAK hacia Mapa73 X:27 Y:65
09/12/2013 12:55:34 p.m. Transportó a SHAK hacia Mapa73 X:29 Y:71
09/12/2013 12:55:35 p.m. Transportó a SHAK hacia Mapa73 X:27 Y:68
09/12/2013 12:55:35 p.m. Transportó a SHAK hacia Mapa73 X:27 Y:64
09/12/2013 12:55:35 p.m. Transportó a SHAK hacia Mapa73 X:30 Y:68
09/12/2013 12:55:36 p.m. Transportó a SHAK hacia Mapa73 X:33 Y:72
09/12/2013 12:55:36 p.m. Transportó a SHAK hacia Mapa73 X:31 Y:75
09/12/2013 12:55:36 p.m. Transportó a SHAK hacia Mapa73 X:27 Y:77
09/12/2013 12:55:44 p.m. Tiró cantidad:199 Objeto:Invocar Elemental de Agua
09/12/2013 12:55:45 p.m. Tiró cantidad:99 Objeto:Invocar Elemental de Fuego
09/12/2013 12:55:46 p.m. Tiró cantidad:10000 Objeto:Minerales de Oro
09/12/2013 12:55:47 p.m. Tiró cantidad:82 Objeto:Flecha +1
09/12/2013 12:55:48 p.m. Tiró cantidad:36 Objeto:Flecha +3
09/12/2013 12:55:49 p.m. Tiró cantidad:73 Objeto:Flecha +2
09/12/2013 12:55:54 p.m. Tiró cantidad:10000 Objeto:Minerales de Oro
09/12/2013 12:55:55 p.m. Tiró cantidad:10000 Objeto:Minerales de Plata
09/12/2013 12:56:03 p.m. /MASSDEST
09/12/2013 12:56:06 p.m. /MASSKILL
09/12/2013 12:56:07 p.m. Transportó a SHAK hacia Mapa73 X:28 Y:73
09/12/2013 12:56:07 p.m. Transportó a SHAK hacia Mapa73 X:32 Y:69
09/12/2013 12:56:07 p.m. Transportó a SHAK hacia Mapa73 X:36 Y:65
09/12/2013 12:56:32 p.m. Transportó a SHAK hacia Mapa73 X:42 Y:65
09/12/2013 12:56:32 p.m. Transportó a SHAK hacia Mapa73 X:47 Y:68
09/12/2013 12:56:33 p.m. Transportó a SHAK hacia Mapa73 X:49 Y:72
09/12/2013 12:56:33 p.m. Transportó a SHAK hacia Mapa73 X:51 Y:77
09/12/2013 12:56:33 p.m. Transportó a SHAK hacia Mapa73 X:54 Y:81
09/12/2013 12:56:33 p.m. Transportó a SHAK hacia Mapa73 X:57 Y:84
09/12/2013 12:56:33 p.m. Transportó a SHAK hacia Mapa73 X:60 Y:87
09/12/2013 12:56:33 p.m. Transportó a SHAK hacia Mapa73 X:65 Y:89
09/12/2013 12:56:36 p.m. Transportó a SHAK hacia Mapa1 X:50 Y:50
09/12/2013 12:56:37 p.m. Transportó a SHAK hacia Mapa1 X:54 Y:53
09/12/2013 12:56:37 p.m. Transportó a SHAK hacia Mapa1 X:54 Y:48
09/12/2013 12:56:37 p.m. Transportó a SHAK hacia Mapa1 X:58 Y:44
09/12/2013 12:56:53 p.m. Sumoneo Araña Gigante
09/12/2013 12:56:53 p.m. Sumoneo Araña Gigante
09/12/2013 12:56:54 p.m. Sumoneo Escorpión
09/12/2013 12:56:54 p.m. Sumoneo Escorpión
09/12/2013 12:56:54 p.m. Sumoneo Escorpión
09/12/2013 12:56:54 p.m. Sumoneo Duende
09/12/2013 12:56:55 p.m. Sumoneo Duende
09/12/2013 12:56:55 p.m. Sumoneo Duende
09/12/2013 12:56:56 p.m. Sumoneo Zombie
09/12/2013 12:56:57 p.m. Sumoneo Zombie
09/12/2013 12:56:57 p.m. Sumoneo Zombie
09/12/2013 12:56:57 p.m. Sumoneo Gallo Salvaje
09/12/2013 12:56:57 p.m. Sumoneo Gallo Salvaje
09/12/2013 12:56:57 p.m. Sumoneo Gallo Salvaje
09/12/2013 12:56:58 p.m. Sumoneo Murciélago
09/12/2013 12:56:58 p.m. Sumoneo Murciélago
09/12/2013 12:56:58 p.m. Sumoneo Murciélago
09/12/2013 12:56:58 p.m. Sumoneo Murciélago
09/12/2013 12:56:59 p.m. Transportó a SHAK hacia Mapa1 X:61 Y:46
09/12/2013 12:57:03 p.m. Sumoneó a Gran Dragón Rojo en mapa 1
09/12/2013 12:57:13 p.m. Transportó a SHAK hacia Mapa1 X:58 Y:47
09/12/2013 12:57:55 p.m. /MASSDEST
09/12/2013 12:57:58 p.m. /MASSKILL
09/12/2013 12:59:09 p.m. Se conecto con ip:127.0.0.1
09/12/2013 12:59:25 p.m. Transportó a SHAK hacia Mapa1 X:59 Y:46
09/12/2013 12:59:25 p.m. Transportó a SHAK hacia Mapa1 X:60 Y:47
09/12/2013 12:59:25 p.m. Transportó a SHAK hacia Mapa1 X:60 Y:49
09/12/2013 12:59:26 p.m. Transportó a SHAK hacia Mapa1 X:59 Y:47
09/12/2013 12:59:27 p.m. Transportó a SHAK hacia Mapa1 X:58 Y:46
09/12/2013 12:59:53 p.m. Sumoneó a Araña Gigante en mapa 1
09/12/2013 01:00:00 p.m. Transportó a SHAK hacia Mapa1 X:55 Y:48
09/12/2013 01:00:00 p.m. Transportó a SHAK hacia Mapa1 X:56 Y:46
09/12/2013 01:00:15 p.m. Transportó a SHAK hacia Mapa1 X:61 Y:45
09/12/2013 01:00:16 p.m. Transportó a SHAK hacia Mapa1 X:66 Y:41
09/12/2013 01:00:17 p.m. Transportó a SHAK hacia Mapa1 X:73 Y:37
09/12/2013 01:00:18 p.m. Transportó a SHAK hacia Mapa1 X:68 Y:42
09/12/2013 01:00:18 p.m. Transportó a SHAK hacia Mapa1 X:62 Y:47
09/12/2013 01:00:18 p.m. Transportó a SHAK hacia Mapa1 X:59 Y:50
09/12/2013 01:00:19 p.m. Transportó a SHAK hacia Mapa1 X:60 Y:48
09/12/2013 01:00:30 p.m. /MATA 
09/12/2013 01:00:35 p.m. /MATA 
09/12/2013 01:00:49 p.m. Transportó a SHAK hacia Mapa1 X:58 Y:49
09/12/2013 01:00:52 p.m. Transportó a SHAK hacia Mapa1 X:58 Y:44
