GS completó el nivel 1 en 243,75 segundos.
GS completó el nivel 2 en 0,016 segundos.
GS completó el nivel 3 en 0,016 segundos.
GS completó el nivel 4 en 0 segundos.
GS completó el nivel 5 en 0 segundos.
GS completó el nivel 6 en 0 segundos.
GS completó el nivel 7 en 0,015 segundos.
GS completó el nivel 8 en 0 segundos.
GS completó el nivel 9 en 0 segundos.
GS completó el nivel 10 en 0 segundos.
GS completó el nivel 11 en 0,016 segundos.
GS completó el nivel 12 en 0 segundos.
GS completó el nivel 13 en 0 segundos.
GS completó el nivel 14 en 0 segundos.
GS completó el nivel 15 en 0,015 segundos.
GS completó el nivel 16 en 0 segundos.
GS completó el nivel 17 en 0 segundos.
GS completó el nivel 18 en 0,016 segundos.
GS completó el nivel 19 en 0 segundos.
GS completó el nivel 20 en 0 segundos.
GS completó el nivel 21 en 0,015 segundos.
GS completó el nivel 22 en 0 segundos.
GS completó el nivel 23 en 0 segundos.
GS completó el nivel 24 en 0 segundos.
GS completó el nivel 25 en 0,016 segundos.
GS completó el nivel 26 en 0 segundos.
GS completó el nivel 27 en 0 segundos.
GS completó el nivel 28 en 0 segundos.
GS completó el nivel 29 en 0 segundos.
GS completó el nivel 30 en 0 segundos.
GS completó el nivel 31 en 0 segundos.
GS completó el nivel 32 en 1523,422 segundos.
GS completó el nivel 33 en 0,016 segundos.
GS completó el nivel 34 en 0 segundos.
GS completó el nivel 35 en 0 segundos.
GS completó el nivel 36 en 0,578 segundos.
GS completó el nivel 37 en 0 segundos.
GS completó el nivel 38 en 0,125 segundos.
GS completó el nivel 39 en 0,125 segundos.
GS completó el nivel 40 en 0,282 segundos.
GS completó el nivel 41 en 0,296 segundos.
GS completó el nivel 42 en 0,266 segundos.
GS completó el nivel 43 en 0,563 segundos.
GS completó el nivel 44 en 0,765 segundos.
GS completó el nivel 45 en 1,172 segundos.
GS completó el nivel 46 en 1,563 segundos.
GS completó el nivel 47 en 3,718 segundos.
ASD completó el nivel 0 en 26941,622 segundos.
ASDBETATESTER completó el nivel 0 en 26979,265 segundos.
BETATESTER completó el nivel 0 en 27116,312 segundos.
BETATESTER completó el nivel 0 en 53,162 segundos.
BETATESTER completó el nivel 0 en 66,85 segundos.
BETATESTER completó el nivel 0 en 27469,28 segundos.
BETATESTER completó el nivel 0 en 27671,254 segundos.
BETATESTER completó el nivel 0 en 27768,708 segundos.
BETATESTER completó el nivel 0 en 152,074 segundos.
BETATESTER completó el nivel 0 en 162,305 segundos.
BETATESTER completó el nivel 0 en 463,048 segundos.
BETATESTER completó el nivel 0 en 182,27 segundos.
BETATESTER completó el nivel 1 en 67,759 segundos.
BETATESTER completó el nivel 2 en 0 segundos.
BETATESTER completó el nivel 3 en 0 segundos.
BETATESTER completó el nivel 4 en 0 segundos.
BETATESTER completó el nivel 5 en 0 segundos.
BETATESTER completó el nivel 6 en 0,016 segundos.
BETATESTER completó el nivel 7 en 0 segundos.
BETATESTER completó el nivel 8 en 0 segundos.
BETATESTER completó el nivel 9 en 0 segundos.
BETATESTER completó el nivel 10 en 0 segundos.
BETATESTER completó el nivel 11 en 0 segundos.
BETATESTER completó el nivel 12 en 0,015 segundos.
BETATESTER completó el nivel 13 en 0 segundos.
BETATESTER completó el nivel 14 en 0 segundos.
BETATESTER completó el nivel 15 en 0 segundos.
BETATESTER completó el nivel 16 en 0 segundos.
BETATESTER completó el nivel 17 en 0 segundos.
BETATESTER completó el nivel 18 en 0 segundos.
BETATESTER completó el nivel 19 en 0,016 segundos.
BETATESTER completó el nivel 20 en 0 segundos.
BETATESTER completó el nivel 21 en 0 segundos.
BETATESTER completó el nivel 22 en 0 segundos.
BETATESTER completó el nivel 23 en 0,031 segundos.
BETATESTER completó el nivel 24 en 0 segundos.
BETATESTER completó el nivel 25 en 0 segundos.
BETATESTER completó el nivel 26 en 0,016 segundos.
BETATESTER completó el nivel 27 en 0 segundos.
BETATESTER completó el nivel 28 en 0 segundos.
BETATESTER completó el nivel 29 en 0 segundos.
BETATESTER completó el nivel 30 en 0 segundos.
BETATESTER completó el nivel 31 en 0 segundos.
BETATESTER completó el nivel 32 en 0 segundos.
BETATESTER completó el nivel 33 en 0 segundos.
BETATESTER completó el nivel 34 en 0 segundos.
BETATESTER completó el nivel 35 en 0 segundos.
BETATESTER completó el nivel 36 en 0 segundos.
BETATESTER completó el nivel 37 en 0,016 segundos.
BETATESTER completó el nivel 38 en 0 segundos.
BETATESTER completó el nivel 39 en 0 segundos.
BETATESTER completó el nivel 40 en 0 segundos.
BETATESTER completó el nivel 41 en 0 segundos.
BETATESTER completó el nivel 42 en 0 segundos.
BETATESTER completó el nivel 43 en 0 segundos.
BETATESTER completó el nivel 44 en 0 segundos.
BETATESTER completó el nivel 45 en 0 segundos.
BETATESTER completó el nivel 46 en 0 segundos.
BETATESTER completó el nivel 47 en 0 segundos.
BETATESTER completó el nivel 48 en 0 segundos.
BETATESTER completó el nivel 49 en 0,016 segundos.
BETATESTER completó el nivel 1 en 47,137 segundos.
BETATESTER completó el nivel 2 en 0 segundos.
BETATESTER completó el nivel 3 en 0 segundos.
BETATESTER completó el nivel 4 en 0 segundos.
BETATESTER completó el nivel 5 en 0,015 segundos.
BETATESTER completó el nivel 6 en 0 segundos.
BETATESTER completó el nivel 7 en 0 segundos.
BETATESTER completó el nivel 8 en 0 segundos.
BETATESTER completó el nivel 9 en 0 segundos.
BETATESTER completó el nivel 10 en 0 segundos.
BETATESTER completó el nivel 11 en 0 segundos.
BETATESTER completó el nivel 12 en 0 segundos.
BETATESTER completó el nivel 13 en 0 segundos.
BETATESTER completó el nivel 14 en 0 segundos.
BETATESTER completó el nivel 15 en 0,016 segundos.
BETATESTER completó el nivel 16 en 0 segundos.
BETATESTER completó el nivel 17 en 0 segundos.
BETATESTER completó el nivel 18 en 0 segundos.
BETATESTER completó el nivel 19 en 0 segundos.
BETATESTER completó el nivel 20 en 0 segundos.
BETATESTER completó el nivel 21 en 0 segundos.
BETATESTER completó el nivel 22 en 0 segundos.
BETATESTER completó el nivel 23 en 0 segundos.
BETATESTER completó el nivel 24 en 0 segundos.
BETATESTER completó el nivel 25 en 0,016 segundos.
BETATESTER completó el nivel 26 en 0 segundos.
BETATESTER completó el nivel 27 en 0 segundos.
BETATESTER completó el nivel 28 en 0 segundos.
BETATESTER completó el nivel 29 en 0 segundos.
BETATESTER completó el nivel 30 en 0 segundos.
BETATESTER completó el nivel 31 en 0 segundos.
BETATESTER completó el nivel 32 en 0 segundos.
BETATESTER completó el nivel 33 en 0 segundos.
BETATESTER completó el nivel 34 en 0 segundos.
BETATESTER completó el nivel 35 en 0 segundos.
BETATESTER completó el nivel 36 en 0,015 segundos.
BETATESTER completó el nivel 37 en 0 segundos.
BETATESTER completó el nivel 38 en 0 segundos.
BETATESTER completó el nivel 39 en 0 segundos.
BETATESTER completó el nivel 40 en 0 segundos.
BETATESTER completó el nivel 41 en 0 segundos.
BETATESTER completó el nivel 42 en 0 segundos.
BETATESTER completó el nivel 43 en 0 segundos.
BETATESTER completó el nivel 44 en 0 segundos.
BETATESTER completó el nivel 45 en 0 segundos.
BETATESTER completó el nivel 46 en 0 segundos.
BETATESTER completó el nivel 1 en 31858,695 segundos.
BETATESTER completó el nivel 2 en 0 segundos.
BETATESTER completó el nivel 3 en 0 segundos.
BETATESTER completó el nivel 4 en 0 segundos.
BETATESTER completó el nivel 5 en 0 segundos.
BETATESTER completó el nivel 6 en 0,016 segundos.
BETATESTER completó el nivel 7 en 0 segundos.
BETATESTER completó el nivel 8 en 0 segundos.
BETATESTER completó el nivel 9 en 0 segundos.
BETATESTER completó el nivel 10 en 0 segundos.
BETATESTER completó el nivel 11 en 0 segundos.
BETATESTER completó el nivel 12 en 0 segundos.
BETATESTER completó el nivel 13 en 0 segundos.
BETATESTER completó el nivel 14 en 0 segundos.
BETATESTER completó el nivel 15 en 0 segundos.
BETATESTER completó el nivel 16 en 0 segundos.
BETATESTER completó el nivel 17 en 0 segundos.
BETATESTER completó el nivel 18 en 0,016 segundos.
BETATESTER completó el nivel 19 en 0 segundos.
BETATESTER completó el nivel 20 en 0 segundos.
BETATESTER completó el nivel 21 en 0 segundos.
BETATESTER completó el nivel 22 en 0,031 segundos.
BETATESTER completó el nivel 23 en 0 segundos.
BETATESTER completó el nivel 24 en 0 segundos.
BETATESTER completó el nivel 25 en 0 segundos.
BETATESTER completó el nivel 26 en 0,016 segundos.
BETATESTER completó el nivel 27 en 0,015 segundos.
BETATESTER completó el nivel 28 en 0 segundos.
BETATESTER completó el nivel 29 en 0 segundos.
BETATESTER completó el nivel 30 en 0,016 segundos.
BETATESTER completó el nivel 31 en 0 segundos.
BETATESTER completó el nivel 32 en 0 segundos.
BETATESTER completó el nivel 33 en 0 segundos.
BETATESTER completó el nivel 34 en 0 segundos.
BETATESTER completó el nivel 35 en 0 segundos.
BETATESTER completó el nivel 36 en 0,016 segundos.
BETATESTER completó el nivel 37 en 0 segundos.
BETATESTER completó el nivel 38 en 0 segundos.
BETATESTER completó el nivel 39 en 0 segundos.
BETATESTER completó el nivel 40 en 0 segundos.
BETATESTER completó el nivel 41 en 0 segundos.
BETATESTER completó el nivel 42 en 0 segundos.
BETATESTER completó el nivel 43 en 0,015 segundos.
BETATESTER completó el nivel 44 en 0 segundos.
BETATESTER completó el nivel 45 en 0 segundos.
BETATESTER completó el nivel 46 en 0 segundos.
BETATESTER completó el nivel 1 en 83,944 segundos.
BETATESTER completó el nivel 2 en 0 segundos.
BETATESTER completó el nivel 3 en 0 segundos.
BETATESTER completó el nivel 4 en 0 segundos.
BETATESTER completó el nivel 5 en 0,016 segundos.
BETATESTER completó el nivel 6 en 0 segundos.
BETATESTER completó el nivel 7 en 0 segundos.
BETATESTER completó el nivel 8 en 0 segundos.
BETATESTER completó el nivel 9 en 0 segundos.
BETATESTER completó el nivel 10 en 0,016 segundos.
BETATESTER completó el nivel 11 en 0 segundos.
BETATESTER completó el nivel 12 en 0 segundos.
BETATESTER completó el nivel 13 en 0 segundos.
BETATESTER completó el nivel 14 en 0,015 segundos.
BETATESTER completó el nivel 15 en 0 segundos.
BETATESTER completó el nivel 16 en 0 segundos.
BETATESTER completó el nivel 17 en 0 segundos.
BETATESTER completó el nivel 18 en 0 segundos.
BETATESTER completó el nivel 19 en 0,016 segundos.
BETATESTER completó el nivel 20 en 0 segundos.
BETATESTER completó el nivel 21 en 0 segundos.
BETATESTER completó el nivel 22 en 0 segundos.
BETATESTER completó el nivel 23 en 0,015 segundos.
BETATESTER completó el nivel 24 en 0 segundos.
BETATESTER completó el nivel 25 en 0 segundos.
BETATESTER completó el nivel 26 en 0 segundos.
BETATESTER completó el nivel 27 en 0 segundos.
BETATESTER completó el nivel 28 en 0,016 segundos.
BETATESTER completó el nivel 29 en 0 segundos.
BETATESTER completó el nivel 30 en 0 segundos.
BETATESTER completó el nivel 31 en 0 segundos.
BETATESTER completó el nivel 32 en 0,016 segundos.
BETATESTER completó el nivel 33 en 0 segundos.
BETATESTER completó el nivel 34 en 0 segundos.
BETATESTER completó el nivel 35 en 0 segundos.
BETATESTER completó el nivel 36 en 0 segundos.
BETATESTER completó el nivel 37 en 0,015 segundos.
BETATESTER completó el nivel 38 en 0 segundos.
BETATESTER completó el nivel 39 en 0 segundos.
BETATESTER completó el nivel 40 en 0,016 segundos.
BETATESTER completó el nivel 41 en 0 segundos.
BETATESTER completó el nivel 42 en 0 segundos.
BETATESTER completó el nivel 43 en 0 segundos.
BETATESTER completó el nivel 44 en 0 segundos.
BETATESTER completó el nivel 45 en 0,015 segundos.
BETATESTER completó el nivel 46 en 0 segundos.
BETATESTER completó el nivel 1 en 44,32 segundos.
BETATESTER completó el nivel 2 en 0 segundos.
BETATESTER completó el nivel 3 en 0,016 segundos.
BETATESTER completó el nivel 4 en 0 segundos.
BETATESTER completó el nivel 5 en 0 segundos.
BETATESTER completó el nivel 6 en 0 segundos.
BETATESTER completó el nivel 7 en 0,016 segundos.
BETATESTER completó el nivel 8 en 0 segundos.
BETATESTER completó el nivel 9 en 0 segundos.
BETATESTER completó el nivel 10 en 0,015 segundos.
BETATESTER completó el nivel 11 en 0 segundos.
BETATESTER completó el nivel 12 en 0 segundos.
BETATESTER completó el nivel 13 en 0,016 segundos.
BETATESTER completó el nivel 14 en 0 segundos.
BETATESTER completó el nivel 15 en 0 segundos.
BETATESTER completó el nivel 16 en 0,015 segundos.
BETATESTER completó el nivel 17 en 0 segundos.
BETATESTER completó el nivel 18 en 0 segundos.
BETATESTER completó el nivel 19 en 0,016 segundos.
BETATESTER completó el nivel 20 en 0 segundos.
BETATESTER completó el nivel 21 en 0 segundos.
BETATESTER completó el nivel 22 en 0,016 segundos.
BETATESTER completó el nivel 23 en 0 segundos.
BETATESTER completó el nivel 24 en 0 segundos.
BETATESTER completó el nivel 25 en 0 segundos.
BETATESTER completó el nivel 26 en 0,015 segundos.
BETATESTER completó el nivel 27 en 0 segundos.
BETATESTER completó el nivel 28 en 0 segundos.
BETATESTER completó el nivel 29 en 0,016 segundos.
BETATESTER completó el nivel 30 en 0 segundos.
BETATESTER completó el nivel 31 en 0 segundos.
BETATESTER completó el nivel 32 en 0 segundos.
BETATESTER completó el nivel 33 en 0,015 segundos.
BETATESTER completó el nivel 34 en 0 segundos.
BETATESTER completó el nivel 35 en 0 segundos.
BETATESTER completó el nivel 36 en 0 segundos.
BETATESTER completó el nivel 37 en 0 segundos.
BETATESTER completó el nivel 38 en 0,016 segundos.
BETATESTER completó el nivel 39 en 0 segundos.
BETATESTER completó el nivel 40 en 0 segundos.
BETATESTER completó el nivel 41 en 0 segundos.
BETATESTER completó el nivel 42 en 0,016 segundos.
BETATESTER completó el nivel 43 en 0 segundos.
BETATESTER completó el nivel 44 en 0 segundos.
BETATESTER completó el nivel 45 en 0 segundos.
BETATESTER completó el nivel 46 en 0 segundos.
BETATESTER completó el nivel 1 en 32762,159 segundos.
BETATESTER completó el nivel 2 en 0 segundos.
BETATESTER completó el nivel 3 en 0,016 segundos.
BETATESTER completó el nivel 4 en 0 segundos.
BETATESTER completó el nivel 5 en 0 segundos.
BETATESTER completó el nivel 6 en 0 segundos.
BETATESTER completó el nivel 7 en 0 segundos.
BETATESTER completó el nivel 8 en 0 segundos.
BETATESTER completó el nivel 9 en 0 segundos.
BETATESTER completó el nivel 10 en 0 segundos.
BETATESTER completó el nivel 11 en 0 segundos.
BETATESTER completó el nivel 12 en 0 segundos.
BETATESTER completó el nivel 13 en 0 segundos.
BETATESTER completó el nivel 14 en 0,016 segundos.
BETATESTER completó el nivel 15 en 0 segundos.
BETATESTER completó el nivel 16 en 0 segundos.
BETATESTER completó el nivel 17 en 0 segundos.
BETATESTER completó el nivel 18 en 0 segundos.
BETATESTER completó el nivel 19 en 0 segundos.
BETATESTER completó el nivel 20 en 0 segundos.
BETATESTER completó el nivel 21 en 0 segundos.
BETATESTER completó el nivel 22 en 0 segundos.
BETATESTER completó el nivel 23 en 0 segundos.
BETATESTER completó el nivel 24 en 0,015 segundos.
BETATESTER completó el nivel 25 en 0 segundos.
BETATESTER completó el nivel 26 en 0 segundos.
BETATESTER completó el nivel 27 en 0 segundos.
BETATESTER completó el nivel 28 en 0 segundos.
BETATESTER completó el nivel 29 en 0 segundos.
BETATESTER completó el nivel 30 en 0 segundos.
BETATESTER completó el nivel 31 en 0 segundos.
BETATESTER completó el nivel 32 en 0 segundos.
BETATESTER completó el nivel 33 en 0 segundos.
BETATESTER completó el nivel 34 en 0,016 segundos.
BETATESTER completó el nivel 35 en 0 segundos.
BETATESTER completó el nivel 36 en 0 segundos.
BETATESTER completó el nivel 37 en 0 segundos.
BETATESTER completó el nivel 38 en 0 segundos.
BETATESTER completó el nivel 39 en 0 segundos.
BETATESTER completó el nivel 40 en 0 segundos.
BETATESTER completó el nivel 41 en 0 segundos.
BETATESTER completó el nivel 42 en 0 segundos.
BETATESTER completó el nivel 43 en 0,015 segundos.
BETATESTER completó el nivel 44 en 0 segundos.
BETATESTER completó el nivel 45 en 0 segundos.
BETATESTER completó el nivel 46 en 0 segundos.
BETATESTER completó el nivel 1 en 61,231 segundos.
BETATESTER completó el nivel 2 en 0 segundos.
BETATESTER completó el nivel 3 en 0 segundos.
BETATESTER completó el nivel 4 en 0 segundos.
BETATESTER completó el nivel 5 en 0 segundos.
BETATESTER completó el nivel 6 en 0 segundos.
BETATESTER completó el nivel 7 en 0,015 segundos.
BETATESTER completó el nivel 8 en 0,016 segundos.
BETATESTER completó el nivel 9 en 0 segundos.
BETATESTER completó el nivel 10 en 0,016 segundos.
BETATESTER completó el nivel 11 en 0,015 segundos.
BETATESTER completó el nivel 12 en 0 segundos.
BETATESTER completó el nivel 13 en 0 segundos.
BETATESTER completó el nivel 14 en 0 segundos.
BETATESTER completó el nivel 15 en 0,016 segundos.
BETATESTER completó el nivel 16 en 0 segundos.
BETATESTER completó el nivel 17 en 0 segundos.
BETATESTER completó el nivel 18 en 0 segundos.
BETATESTER completó el nivel 19 en 0 segundos.
BETATESTER completó el nivel 20 en 0 segundos.
BETATESTER completó el nivel 21 en 0,015 segundos.
BETATESTER completó el nivel 22 en 0 segundos.
BETATESTER completó el nivel 23 en 0 segundos.
BETATESTER completó el nivel 24 en 0,016 segundos.
BETATESTER completó el nivel 25 en 0 segundos.
BETATESTER completó el nivel 26 en 0,016 segundos.
BETATESTER completó el nivel 27 en 0 segundos.
BETATESTER completó el nivel 28 en 0 segundos.
BETATESTER completó el nivel 29 en 0 segundos.
BETATESTER completó el nivel 30 en 0 segundos.
BETATESTER completó el nivel 31 en 0 segundos.
BETATESTER completó el nivel 32 en 0 segundos.
BETATESTER completó el nivel 33 en 0,015 segundos.
BETATESTER completó el nivel 34 en 0 segundos.
BETATESTER completó el nivel 35 en 0 segundos.
BETATESTER completó el nivel 36 en 0 segundos.
BETATESTER completó el nivel 37 en 0 segundos.
BETATESTER completó el nivel 38 en 0,016 segundos.
BETATESTER completó el nivel 1 en 33004,148 segundos.
BETATESTER completó el nivel 2 en 0 segundos.
BETATESTER completó el nivel 3 en 0 segundos.
BETATESTER completó el nivel 4 en 0,016 segundos.
BETATESTER completó el nivel 5 en 0 segundos.
BETATESTER completó el nivel 6 en 0 segundos.
BETATESTER completó el nivel 7 en 0 segundos.
BETATESTER completó el nivel 8 en 0 segundos.
BETATESTER completó el nivel 9 en 0 segundos.
BETATESTER completó el nivel 10 en 0,015 segundos.
BETATESTER completó el nivel 11 en 0 segundos.
BETATESTER completó el nivel 12 en 0 segundos.
BETATESTER completó el nivel 13 en 0 segundos.
BETATESTER completó el nivel 14 en 0 segundos.
BETATESTER completó el nivel 15 en 0 segundos.
BETATESTER completó el nivel 16 en 0 segundos.
BETATESTER completó el nivel 17 en 0,016 segundos.
BETATESTER completó el nivel 18 en 0 segundos.
BETATESTER completó el nivel 19 en 0 segundos.
BETATESTER completó el nivel 20 en 0 segundos.
BETATESTER completó el nivel 21 en 0 segundos.
BETATESTER completó el nivel 22 en 0 segundos.
BETATESTER completó el nivel 23 en 0 segundos.
BETATESTER completó el nivel 24 en 0 segundos.
BETATESTER completó el nivel 25 en 0 segundos.
BETATESTER completó el nivel 26 en 0,016 segundos.
BETATESTER completó el nivel 27 en 0 segundos.
BETATESTER completó el nivel 28 en 0 segundos.
BETATESTER completó el nivel 29 en 0 segundos.
BETATESTER completó el nivel 30 en 0 segundos.
BETATESTER completó el nivel 31 en 0 segundos.
BETATESTER completó el nivel 32 en 0 segundos.
BETATESTER completó el nivel 33 en 0,015 segundos.
BETATESTER completó el nivel 34 en 0 segundos.
BETATESTER completó el nivel 35 en 0 segundos.
BETATESTER completó el nivel 36 en 0 segundos.
BETATESTER completó el nivel 37 en 0 segundos.
BETATESTER completó el nivel 38 en 0 segundos.
BETATESTER completó el nivel 1 en 33090,136 segundos.
BETATESTER completó el nivel 2 en 0 segundos.
BETATESTER completó el nivel 3 en 0 segundos.
BETATESTER completó el nivel 4 en 0,016 segundos.
BETATESTER completó el nivel 5 en 0 segundos.
BETATESTER completó el nivel 6 en 0 segundos.
BETATESTER completó el nivel 7 en 0 segundos.
BETATESTER completó el nivel 8 en 0 segundos.
BETATESTER completó el nivel 9 en 0 segundos.
BETATESTER completó el nivel 10 en 0,015 segundos.
BETATESTER completó el nivel 11 en 0 segundos.
BETATESTER completó el nivel 12 en 0 segundos.
BETATESTER completó el nivel 13 en 0 segundos.
BETATESTER completó el nivel 14 en 0 segundos.
BETATESTER completó el nivel 15 en 0,016 segundos.
BETATESTER completó el nivel 16 en 0 segundos.
BETATESTER completó el nivel 17 en 0 segundos.
BETATESTER completó el nivel 18 en 0 segundos.
BETATESTER completó el nivel 19 en 0 segundos.
BETATESTER completó el nivel 20 en 0,015 segundos.
BETATESTER completó el nivel 21 en 0 segundos.
BETATESTER completó el nivel 22 en 0 segundos.
BETATESTER completó el nivel 23 en 0 segundos.
BETATESTER completó el nivel 24 en 0 segundos.
BETATESTER completó el nivel 25 en 0 segundos.
BETATESTER completó el nivel 26 en 0 segundos.
BETATESTER completó el nivel 27 en 0,016 segundos.
BETATESTER completó el nivel 28 en 0 segundos.
BETATESTER completó el nivel 29 en 0 segundos.
BETATESTER completó el nivel 30 en 0 segundos.
BETATESTER completó el nivel 31 en 0,015 segundos.
BETATESTER completó el nivel 32 en 0 segundos.
BETATESTER completó el nivel 33 en 0 segundos.
BETATESTER completó el nivel 34 en 0,016 segundos.
BETATESTER completó el nivel 35 en 0 segundos.
BETATESTER completó el nivel 36 en 0,015 segundos.
BETATESTER completó el nivel 37 en 0 segundos.
BETATESTER completó el nivel 38 en 0 segundos.
